#
# A fatal error has been detected by the Java Runtime Environment:
#
#  EXCEPTION_ACCESS_VIOLATION (0xc0000005) at pc=0x00007ffc6547c62b, pid=11588, tid=9588
#
# JRE version: Java(TM) SE Runtime Environment (14.0.2+12) (build 14.0.2+12-46)
# Java VM: Java HotSpot(TM) 64-Bit Server VM (14.0.2+12-46, mixed mode, sharing, tiered, compressed oops, g1 gc, windows-amd64)
# Problematic frame:
# V  [jvm.dll+0x5ac62b]
#
# No core dump will be written. Minidumps are not enabled by default on client versions of Windows
#
# If you would like to submit a bug report, please visit:
#   https://bugreport.java.com/bugreport/crash.jsp
#

---------------  S U M M A R Y ------------

Command Line: -Dfile.encoding=UTF-8 --add-modules=javafx.controls,javafx.fxml -agentpath:C:/Program Files/NetBeans-12.0/netbeans/profiler/lib/deployed/jdk16/windows-amd64/profilerinterface.dll=C:\Program Files\NetBeans-12.0\netbeans\profiler\lib,5140,10 -XX:+HeapDumpOnOutOfMemoryError -XX:HeapDumpPath=C:\Users\30024165\Documents\NetBeansProjects\Java2\AT2Act3GUIDatabase\nbproject\private\profiler --module-path=C:\Users\30024165\Documents\javafx-sdk\lib\javafx-swt.jar;C:\Users\30024165\Documents\javafx-sdk\lib\javafx.base.jar;C:\Users\30024165\Documents\javafx-sdk\lib\javafx.controls.jar;C:\Users\30024165\Documents\javafx-sdk\lib\javafx.fxml.jar;C:\Users\30024165\Documents\javafx-sdk\lib\javafx.graphics.jar;C:\Users\30024165\Documents\javafx-sdk\lib\javafx.media.jar;C:\Users\30024165\Documents\javafx-sdk\lib\javafx.swing.jar;C:\Users\30024165\Documents\javafx-sdk\lib\javafx.web.jar at2act3guidatabase.IDNameDatabase

Host: Intel(R) Core(TM) i5-6500 CPU @ 3.20GHz, 4 cores, 15G,  Windows 10 , 64 bit Build 17763 (10.0.17763.475)
Time: Tue Nov 10 17:18:11 2020 W. Australia Standard Time elapsed time: 1 seconds (0d 0h 0m 1s)

---------------  T H R E A D  ---------------

Current thread (0x0000019dc8180800):  JavaThread "*** Profiler Agent Communication Thread" daemon [_thread_in_vm, id=9588, stack(0x000000370fc00000,0x000000370fd00000)]

Stack: [0x000000370fc00000,0x000000370fd00000],  sp=0x000000370fcfed30,  free space=1019k
Native frames: (J=compiled Java code, j=interpreted, Vv=VM code, C=native code)
V  [jvm.dll+0x5ac62b]
V  [jvm.dll+0x463e6b]
C  [profilerinterface.dll+0x34da]

Java frames: (J=compiled Java code, j=interpreted, Vv=VM code)
j  org.netbeans.lib.profiler.server.system.Stacks.getMethodNamesForJMethodIds(I[I[I)[B+0
j  org.netbeans.lib.profiler.server.ProfilerInterface.getMethodNamesForJMethodIds([I)Lorg/netbeans/lib/profiler/wireprotocol/MethodNamesResponse;+20
j  org.netbeans.lib.profiler.server.ProfilerServer.handleClientCommand(Lorg/netbeans/lib/profiler/wireprotocol/Command;)V+691
j  org.netbeans.lib.profiler.server.ProfilerServer.listenToClient()V+48
j  org.netbeans.lib.profiler.server.ProfilerServer.run()V+22
v  ~StubRoutines::call_stub

siginfo: EXCEPTION_ACCESS_VIOLATION (0xc0000005), reading address 0xffffffffc717c1f8


Register to memory mapping:

RIP=0x00007ffc6547c62b jvm.dll
RAX=0x000000370fcfed01 is pointing into the stack for thread: 0x0000019dc8180800
RBX=0x0000019dc8180800 is a thread
RCX=0xffffffffc717c1f8 is an unknown value
RDX=0x0000019dc8180800 is a thread
RSP=0x000000370fcfed30 is pointing into the stack for thread: 0x0000019dc8180800
RBP=0xffffffffc717c1f8 is an unknown value
RSI=0x000000370fcfee50 is pointing into the stack for thread: 0x0000019dc8180800
RDI=0x0000019da1f1edf0 points into unknown readable memory: 00 f3 89 65 fc 7f 00 00
R8 =0x000000370fcfee50 is pointing into the stack for thread: 0x0000019dc8180800
R9 =0x00000000000051b8 is an unknown value
R10=0x0000000000000001 is an unknown value
R11=0x000000370fcfed28 is pointing into the stack for thread: 0x0000019dc8180800
R12=0x0000019dd0e5f250 points into unknown readable memory: f8 c1 17 07 50 a3 3c 09
R13=0x000000000000020b is an unknown value
R14=0x00007ffc7fd39c68 profilerinterface.dll
R15=0x00007ffc7fd39a60 profilerinterface.dll


Registers:
RAX=0x000000370fcfed01, RBX=0x0000019dc8180800, RCX=0xffffffffc717c1f8, RDX=0x0000019dc8180800
RSP=0x000000370fcfed30, RBP=0xffffffffc717c1f8, RSI=0x000000370fcfee50, RDI=0x0000019da1f1edf0
R8 =0x000000370fcfee50, R9 =0x00000000000051b8, R10=0x0000000000000001, R11=0x000000370fcfed28
R12=0x0000019dd0e5f250, R13=0x000000000000020b, R14=0x00007ffc7fd39c68, R15=0x00007ffc7fd39a60
RIP=0x00007ffc6547c62b, EFLAGS=0x0000000000010282

Top of Stack: (sp=0x000000370fcfed30)
0x000000370fcfed30:   000000000000020b 0000000000000000
0x000000370fcfed40:   0000019dc8180800 000000370fcfef08
0x000000370fcfed50:   0000019dc8180800 00007ffc65333e6b
0x000000370fcfed60:   00000000000051b8 0000019dc8180800
0x000000370fcfed70:   0000019dc8180b10 00007ffc92c89db0
0x000000370fcfed80:   0000019dc8180800 0000000000000000
0x000000370fcfed90:   0000019d00000000 0000000000000000
0x000000370fcfeda0:   ffffffffc717c1f8 00007ffc7fd334da
0x000000370fcfedb0:   0000000000000000 0000019dc8180b10
0x000000370fcfedc0:   000000000000e200 000000370fcfef00
0x000000370fcfedd0:   0000019dd0e5f250 00007ffc65209ca7
0x000000370fcfede0:   000000370fcfee00 0000019dc7ec6190
0x000000370fcfedf0:   00000000001532bb 0000019dabf2010f
0x000000370fcfee00:   0000019dc767da40 0000019dc8180800
0x000000370fcfee10:   0000019dc8180800 0000019dc767da40
0x000000370fcfee20:   0000000000000000 00000000003c0000 

Instructions: (pc=0x00007ffc6547c62b)
0x00007ffc6547c52b:   e8 90 83 c4 ff 33 db c6 05 19 23 47 00 01 eb 67
0x00007ffc6547c53b:   48 8b 54 24 20 45 33 c0 48 8b 05 ee ca 42 00 48
0x00007ffc6547c54b:   83 c2 18 48 8b cf ff d0 48 85 c0 74 20 48 8b 44
0x00007ffc6547c55b:   24 20 48 8b d7 48 8b 48 08 48 8b 41 08 48 8b 48
0x00007ffc6547c56b:   18 48 8b 89 98 00 00 00 e8 68 fa ff ff 80 3d ab
0x00007ffc6547c57b:   3b 49 00 00 74 18 48 8b 4c 24 20 48 8b d3 e8 42
0x00007ffc6547c58b:   2b 00 00 48 83 7b 08 00 74 04 33 db eb 09 48 8b
0x00007ffc6547c59b:   44 24 20 48 8b 58 18 48 8d 4c 24 20 e8 f4 6f d5
0x00007ffc6547c5ab:   ff 48 8b 7c 24 40 48 8b c3 48 83 c4 30 5b c3 cc
0x00007ffc6547c5bb:   cc cc cc cc cc 48 8b 51 08 4c 8b c1 48 8b 42 08
0x00007ffc6547c5cb:   0f b6 52 24 c0 ea 06 48 8b 48 18 8b 81 a4 00 00
0x00007ffc6547c5db:   00 f6 c2 01 75 27 48 85 c9 74 14 8b c8 c1 e9 09
0x00007ffc6547c5eb:   f6 c1 01 74 0a 41 f7 40 20 02 04 00 00 74 0e 41
0x00007ffc6547c5fb:   8b 48 20 0b c8 f6 c1 10 74 03 b0 01 c3 41 83 78
0x00007ffc6547c60b:   24 fe 0f 94 c0 c3 cc cc cc cc cc cc cc cc cc cc
0x00007ffc6547c61b:   cc cc cc cc cc 40 53 48 83 ec 20 48 85 c9 74 24
0x00007ffc6547c62b:   48 8b 19 48 85 db 74 1c 48 83 fb 37 74 16 48 8b
0x00007ffc6547c63b:   13 48 8b cb ff 52 10 84 c0 74 09 48 8b c3 48 83
0x00007ffc6547c64b:   c4 20 5b c3 33 c0 48 83 c4 20 5b c3 cc cc cc cc
0x00007ffc6547c65b:   cc cc cc cc cc 40 53 55 41 56 41 57 48 83 ec 28
0x00007ffc6547c66b:   48 8b 41 08 33 ed 4c 8b f1 48 8b 50 08 4c 8b 7a
0x00007ffc6547c67b:   18 49 8b 9f 80 01 00 00 48 85 db 0f 84 d5 00 00
0x00007ffc6547c68b:   00 8b 15 1a 18 4e 00 65 48 8b 04 25 58 00 00 00
0x00007ffc6547c69b:   48 89 74 24 50 4c 89 64 24 60 4c 89 6c 24 20 41
0x00007ffc6547c6ab:   bd ff ff 00 00 4c 8d 24 d0 41 b8 08 00 00 00 48
0x00007ffc6547c6bb:   89 7c 24 58 90 49 8b 56 08 48 8b 73 10 0f b7 42
0x00007ffc6547c6cb:   2a 66 39 43 08 75 6c 0f b7 42 2c 66 39 43 0a 75
0x00007ffc6547c6db:   62 48 63 4b 04 0f b6 03 88 44 11 38 49 8b 04 24
0x00007ffc6547c6eb:   41 8b c8 48 8b 3c 01 49 8b ce 48 8b d7 e8 63 0b
0x00007ffc6547c6fb:   bf ff 48 83 7f 08 00 75 0a 48 85 c0 74 05 66 44
0x00007ffc6547c70b:   01 68 16 48 85 ed 74 14 48 8b cb 48 89 75 10 e8
0x00007ffc6547c71b:   d1 62 af ff 41 b8 08 00 00 00 eb 1a 48 8b cb 49 


Stack slot to memory mapping:
stack at sp + 0 slots: 0x000000000000020b is an unknown value
stack at sp + 1 slots: 0x0 is NULL
stack at sp + 2 slots: 0x0000019dc8180800 is a thread
stack at sp + 3 slots: 0x000000370fcfef08 is pointing into the stack for thread: 0x0000019dc8180800
stack at sp + 4 slots: 0x0000019dc8180800 is a thread
stack at sp + 5 slots: 0x00007ffc65333e6b jvm.dll
stack at sp + 6 slots: 0x00000000000051b8 is an unknown value
stack at sp + 7 slots: 0x0000019dc8180800 is a thread


---------------  P R O C E S S  ---------------

Threads class SMR info:
_java_thread_list=0x0000019dc95d4cd0, length=23, elements={
0x0000019da1f4f000, 0x0000019dc72b6000, 0x0000019dc72b8000, 0x0000019dc7b5e800,
0x0000019dc7b61000, 0x0000019dc7b63000, 0x0000019dc7b64000, 0x0000019dc7b6a000,
0x0000019dc72cd800, 0x0000019dc7ca4000, 0x0000019dc8180800, 0x0000019dc8101000,
0x0000019dc8135800, 0x0000019dc8497800, 0x0000019dc8496800, 0x0000019dc8488800,
0x0000019dc850e000, 0x0000019dc850f000, 0x0000019dc986b000, 0x0000019dc94c5800,
0x0000019dc9462800, 0x0000019dc94c2800, 0x0000019dc94c0000
}

Java Threads: ( => current thread )
  0x0000019da1f4f000 JavaThread "main" [_thread_blocked, id=11852, stack(0x000000370eb00000,0x000000370ec00000)]
  0x0000019dc72b6000 JavaThread "Reference Handler" daemon [_thread_blocked, id=4524, stack(0x000000370f200000,0x000000370f300000)]
  0x0000019dc72b8000 JavaThread "Finalizer" daemon [_thread_blocked, id=11396, stack(0x000000370f300000,0x000000370f400000)]
  0x0000019dc7b5e800 JavaThread "Signal Dispatcher" daemon [_thread_blocked, id=11088, stack(0x000000370f400000,0x000000370f500000)]
  0x0000019dc7b61000 JavaThread "Attach Listener" daemon [_thread_blocked, id=4784, stack(0x000000370f500000,0x000000370f600000)]
  0x0000019dc7b63000 JavaThread "Service Thread" daemon [_thread_blocked, id=11764, stack(0x000000370f600000,0x000000370f700000)]
  0x0000019dc7b64000 JavaThread "C2 CompilerThread0" daemon [_thread_blocked, id=12132, stack(0x000000370f700000,0x000000370f800000)]
  0x0000019dc7b6a000 JavaThread "C1 CompilerThread0" daemon [_thread_blocked, id=12108, stack(0x000000370f800000,0x000000370f900000)]
  0x0000019dc72cd800 JavaThread "Sweeper thread" daemon [_thread_blocked, id=11568, stack(0x000000370f900000,0x000000370fa00000)]
  0x0000019dc7ca4000 JavaThread "Common-Cleaner" daemon [_thread_blocked, id=6516, stack(0x000000370fa00000,0x000000370fb00000)]
=>0x0000019dc8180800 JavaThread "*** Profiler Agent Communication Thread" daemon [_thread_in_vm, id=9588, stack(0x000000370fc00000,0x000000370fd00000)]
  0x0000019dc8101000 JavaThread "*** JFluid Monitor thread ***" daemon [_thread_blocked, id=12168, stack(0x000000370fb00000,0x000000370fc00000)]
  0x0000019dc8135800 JavaThread "*** Profiler Agent Special Execution Thread 6" daemon [_thread_blocked, id=8944, stack(0x000000370fd00000,0x000000370fe00000)]
  0x0000019dc8497800 JavaThread "*** Profiler Agent Special Execution Thread 10" daemon [_thread_blocked, id=6268, stack(0x000000370ff00000,0x0000003710000000)]
  0x0000019dc8496800 JavaThread "Notification Thread" daemon [_thread_blocked, id=10396, stack(0x000000370fe00000,0x000000370ff00000)]
  0x0000019dc8488800 JavaThread "QuantumRenderer-0" daemon [_thread_blocked, id=3492, stack(0x0000003710400000,0x0000003710500000)]
  0x0000019dc850e000 JavaThread "InvokeLaterDispatcher" daemon [_thread_blocked, id=12000, stack(0x0000003710500000,0x0000003710600000)]
  0x0000019dc850f000 JavaThread "JavaFX Application Thread" [_thread_blocked, id=8560, stack(0x0000003710600000,0x0000003710700000)]
  0x0000019dc986b000 JavaThread "Thread-6" daemon [_thread_blocked, id=9816, stack(0x0000003710a00000,0x0000003710b00000)]
  0x0000019dc94c5800 JavaThread "Abandoned connection cleanup thread" daemon [_thread_blocked, id=7780, stack(0x0000003710b00000,0x0000003710c00000)]
  0x0000019dc9462800 JavaThread "C2 CompilerThread1" daemon [_thread_blocked, id=5360, stack(0x0000003710c00000,0x0000003710d00000)]
  0x0000019dc94c2800 JavaThread "JavaFX-Launcher" [_thread_blocked, id=9508, stack(0x0000003710d00000,0x0000003710e00000)]
  0x0000019dc94c0000 JavaThread "Prism Font Disposer" daemon [_thread_blocked, id=11696, stack(0x0000003710e00000,0x0000003710f00000)]

Other Threads:
  0x0000019dc72af800 VMThread "VM Thread" [stack: 0x000000370f100000,0x000000370f200000] [id=676] _threads_hazard_ptr=0x0000019dc95d4cd0
  0x0000019dc857b000 WatcherThread [stack: 0x0000003710000000,0x0000003710100000] [id=500]
  0x0000019da1fb9000 GCTaskThread "GC Thread#0" [stack: 0x000000370ec00000,0x000000370ed00000] [id=2328]
  0x0000019dc859b000 GCTaskThread "GC Thread#1" [stack: 0x0000003710100000,0x0000003710200000] [id=7208]
  0x0000019dc858b800 GCTaskThread "GC Thread#2" [stack: 0x0000003710200000,0x0000003710300000] [id=7452]
  0x0000019dc858c000 GCTaskThread "GC Thread#3" [stack: 0x0000003710300000,0x0000003710400000] [id=11816]
  0x0000019da1fdb000 ConcurrentGCThread "G1 Main Marker" [stack: 0x000000370ed00000,0x000000370ee00000] [id=8524]
  0x0000019da1fdc800 ConcurrentGCThread "G1 Conc#0" [stack: 0x000000370ee00000,0x000000370ef00000] [id=8160]
  0x0000019dc718e000 ConcurrentGCThread "G1 Refine#0" [stack: 0x000000370ef00000,0x000000370f000000] [id=11336]
  0x0000019dc7190000 ConcurrentGCThread "G1 Young RemSet Sampling" [stack: 0x000000370f000000,0x000000370f100000] [id=9884]

Threads with active compile tasks:
C2 CompilerThread0     2140 1606       4       java.lang.String::startsWith (7 bytes)

VM state:synchronizing (normal execution)

VM Mutex/Monitor currently owned by a thread:  ([mutex/lock_event])
[0x0000019da1f4c640] Threads_lock - owner thread: 0x0000019dc72af800

Heap address: 0x0000000701c00000, size: 4068 MB, Compressed Oops mode: Zero based, Oop shift amount: 3
Narrow klass base: 0x0000000800000000, Narrow klass shift: 3
Compressed class space size: 1073741824 Address: 0x0000000800b30000

Heap:
 garbage-first heap   total 262144K, used 24451K [0x0000000701c00000, 0x0000000800000000)
  region size 1024K, 21 young (21504K), 2 survivors (2048K)
 Metaspace       used 15327K, capacity 15834K, committed 16000K, reserved 1062912K
  class space    used 1958K, capacity 2165K, committed 2176K, reserved 1048576K
Heap Regions: E=young(eden), S=young(survivor), O=old, HS=humongous(starts), HC=humongous(continues), CS=collection set, F=free, OA=open archive, CA=closed archive, TAMS=top-at-mark-start (previous, next)
|   0|0x0000000701c00000, 0x0000000701d00000, 0x0000000701d00000|100%|HS|  |TAMS 0x0000000701c00000, 0x0000000701c00000| Complete 
|   1|0x0000000701d00000, 0x0000000701e00000, 0x0000000701e00000|100%|HC|  |TAMS 0x0000000701d00000, 0x0000000701d00000| Complete 
|   2|0x0000000701e00000, 0x0000000701f00000, 0x0000000701f00000|100%| O|  |TAMS 0x0000000701e00000, 0x0000000701e00000| Untracked 
|   3|0x0000000701f00000, 0x0000000702000000, 0x0000000702000000|100%| O|  |TAMS 0x0000000701f00000, 0x0000000701f00000| Untracked 
|   4|0x0000000702000000, 0x00000007020f3000, 0x0000000702100000| 94%| O|  |TAMS 0x0000000702000000, 0x0000000702000000| Untracked 
|   5|0x0000000702100000, 0x0000000702100000, 0x0000000702200000|  0%| F|  |TAMS 0x0000000702100000, 0x0000000702100000| Untracked 
|   6|0x0000000702200000, 0x0000000702200000, 0x0000000702300000|  0%| F|  |TAMS 0x0000000702200000, 0x0000000702200000| Untracked 
|   7|0x0000000702300000, 0x0000000702300000, 0x0000000702400000|  0%| F|  |TAMS 0x0000000702300000, 0x0000000702300000| Untracked 
|   8|0x0000000702400000, 0x0000000702400000, 0x0000000702500000|  0%| F|  |TAMS 0x0000000702400000, 0x0000000702400000| Untracked 
|   9|0x0000000702500000, 0x0000000702500000, 0x0000000702600000|  0%| F|  |TAMS 0x0000000702500000, 0x0000000702500000| Untracked 
|  10|0x0000000702600000, 0x0000000702600000, 0x0000000702700000|  0%| F|  |TAMS 0x0000000702600000, 0x0000000702600000| Untracked 
|  11|0x0000000702700000, 0x0000000702700000, 0x0000000702800000|  0%| F|  |TAMS 0x0000000702700000, 0x0000000702700000| Untracked 
|  12|0x0000000702800000, 0x0000000702800000, 0x0000000702900000|  0%| F|  |TAMS 0x0000000702800000, 0x0000000702800000| Untracked 
|  13|0x0000000702900000, 0x0000000702900000, 0x0000000702a00000|  0%| F|  |TAMS 0x0000000702900000, 0x0000000702900000| Untracked 
|  14|0x0000000702a00000, 0x0000000702a00000, 0x0000000702b00000|  0%| F|  |TAMS 0x0000000702a00000, 0x0000000702a00000| Untracked 
|  15|0x0000000702b00000, 0x0000000702b00000, 0x0000000702c00000|  0%| F|  |TAMS 0x0000000702b00000, 0x0000000702b00000| Untracked 
|  16|0x0000000702c00000, 0x0000000702c00000, 0x0000000702d00000|  0%| F|  |TAMS 0x0000000702c00000, 0x0000000702c00000| Untracked 
|  17|0x0000000702d00000, 0x0000000702d00000, 0x0000000702e00000|  0%| F|  |TAMS 0x0000000702d00000, 0x0000000702d00000| Untracked 
|  18|0x0000000702e00000, 0x0000000702e00000, 0x0000000702f00000|  0%| F|  |TAMS 0x0000000702e00000, 0x0000000702e00000| Untracked 
|  19|0x0000000702f00000, 0x0000000702f00000, 0x0000000703000000|  0%| F|  |TAMS 0x0000000702f00000, 0x0000000702f00000| Untracked 
|  20|0x0000000703000000, 0x0000000703000000, 0x0000000703100000|  0%| F|  |TAMS 0x0000000703000000, 0x0000000703000000| Untracked 
|  21|0x0000000703100000, 0x0000000703100000, 0x0000000703200000|  0%| F|  |TAMS 0x0000000703100000, 0x0000000703100000| Untracked 
|  22|0x0000000703200000, 0x0000000703200000, 0x0000000703300000|  0%| F|  |TAMS 0x0000000703200000, 0x0000000703200000| Untracked 
|  23|0x0000000703300000, 0x0000000703300000, 0x0000000703400000|  0%| F|  |TAMS 0x0000000703300000, 0x0000000703300000| Untracked 
|  24|0x0000000703400000, 0x0000000703400000, 0x0000000703500000|  0%| F|  |TAMS 0x0000000703400000, 0x0000000703400000| Untracked 
|  25|0x0000000703500000, 0x0000000703500000, 0x0000000703600000|  0%| F|  |TAMS 0x0000000703500000, 0x0000000703500000| Untracked 
|  26|0x0000000703600000, 0x0000000703600000, 0x0000000703700000|  0%| F|  |TAMS 0x0000000703600000, 0x0000000703600000| Untracked 
|  27|0x0000000703700000, 0x0000000703700000, 0x0000000703800000|  0%| F|  |TAMS 0x0000000703700000, 0x0000000703700000| Untracked 
|  28|0x0000000703800000, 0x0000000703800000, 0x0000000703900000|  0%| F|  |TAMS 0x0000000703800000, 0x0000000703800000| Untracked 
|  29|0x0000000703900000, 0x0000000703900000, 0x0000000703a00000|  0%| F|  |TAMS 0x0000000703900000, 0x0000000703900000| Untracked 
|  30|0x0000000703a00000, 0x0000000703a00000, 0x0000000703b00000|  0%| F|  |TAMS 0x0000000703a00000, 0x0000000703a00000| Untracked 
|  31|0x0000000703b00000, 0x0000000703b00000, 0x0000000703c00000|  0%| F|  |TAMS 0x0000000703b00000, 0x0000000703b00000| Untracked 
|  32|0x0000000703c00000, 0x0000000703c00000, 0x0000000703d00000|  0%| F|  |TAMS 0x0000000703c00000, 0x0000000703c00000| Untracked 
|  33|0x0000000703d00000, 0x0000000703d00000, 0x0000000703e00000|  0%| F|  |TAMS 0x0000000703d00000, 0x0000000703d00000| Untracked 
|  34|0x0000000703e00000, 0x0000000703e00000, 0x0000000703f00000|  0%| F|  |TAMS 0x0000000703e00000, 0x0000000703e00000| Untracked 
|  35|0x0000000703f00000, 0x0000000703f00000, 0x0000000704000000|  0%| F|  |TAMS 0x0000000703f00000, 0x0000000703f00000| Untracked 
|  36|0x0000000704000000, 0x0000000704000000, 0x0000000704100000|  0%| F|  |TAMS 0x0000000704000000, 0x0000000704000000| Untracked 
|  37|0x0000000704100000, 0x0000000704100000, 0x0000000704200000|  0%| F|  |TAMS 0x0000000704100000, 0x0000000704100000| Untracked 
|  38|0x0000000704200000, 0x0000000704200000, 0x0000000704300000|  0%| F|  |TAMS 0x0000000704200000, 0x0000000704200000| Untracked 
|  39|0x0000000704300000, 0x0000000704300000, 0x0000000704400000|  0%| F|  |TAMS 0x0000000704300000, 0x0000000704300000| Untracked 
|  40|0x0000000704400000, 0x0000000704400000, 0x0000000704500000|  0%| F|  |TAMS 0x0000000704400000, 0x0000000704400000| Untracked 
|  41|0x0000000704500000, 0x0000000704500000, 0x0000000704600000|  0%| F|  |TAMS 0x0000000704500000, 0x0000000704500000| Untracked 
|  42|0x0000000704600000, 0x0000000704600000, 0x0000000704700000|  0%| F|  |TAMS 0x0000000704600000, 0x0000000704600000| Untracked 
|  43|0x0000000704700000, 0x0000000704700000, 0x0000000704800000|  0%| F|  |TAMS 0x0000000704700000, 0x0000000704700000| Untracked 
|  44|0x0000000704800000, 0x0000000704800000, 0x0000000704900000|  0%| F|  |TAMS 0x0000000704800000, 0x0000000704800000| Untracked 
|  45|0x0000000704900000, 0x0000000704900000, 0x0000000704a00000|  0%| F|  |TAMS 0x0000000704900000, 0x0000000704900000| Untracked 
|  46|0x0000000704a00000, 0x0000000704a00000, 0x0000000704b00000|  0%| F|  |TAMS 0x0000000704a00000, 0x0000000704a00000| Untracked 
|  47|0x0000000704b00000, 0x0000000704b00000, 0x0000000704c00000|  0%| F|  |TAMS 0x0000000704b00000, 0x0000000704b00000| Untracked 
|  48|0x0000000704c00000, 0x0000000704c00000, 0x0000000704d00000|  0%| F|  |TAMS 0x0000000704c00000, 0x0000000704c00000| Untracked 
|  49|0x0000000704d00000, 0x0000000704d00000, 0x0000000704e00000|  0%| F|  |TAMS 0x0000000704d00000, 0x0000000704d00000| Untracked 
|  50|0x0000000704e00000, 0x0000000704e00000, 0x0000000704f00000|  0%| F|  |TAMS 0x0000000704e00000, 0x0000000704e00000| Untracked 
|  51|0x0000000704f00000, 0x0000000704f00000, 0x0000000705000000|  0%| F|  |TAMS 0x0000000704f00000, 0x0000000704f00000| Untracked 
|  52|0x0000000705000000, 0x0000000705000000, 0x0000000705100000|  0%| F|  |TAMS 0x0000000705000000, 0x0000000705000000| Untracked 
|  53|0x0000000705100000, 0x0000000705100000, 0x0000000705200000|  0%| F|  |TAMS 0x0000000705100000, 0x0000000705100000| Untracked 
|  54|0x0000000705200000, 0x0000000705200000, 0x0000000705300000|  0%| F|  |TAMS 0x0000000705200000, 0x0000000705200000| Untracked 
|  55|0x0000000705300000, 0x0000000705300000, 0x0000000705400000|  0%| F|  |TAMS 0x0000000705300000, 0x0000000705300000| Untracked 
|  56|0x0000000705400000, 0x0000000705400000, 0x0000000705500000|  0%| F|  |TAMS 0x0000000705400000, 0x0000000705400000| Untracked 
|  57|0x0000000705500000, 0x0000000705500000, 0x0000000705600000|  0%| F|  |TAMS 0x0000000705500000, 0x0000000705500000| Untracked 
|  58|0x0000000705600000, 0x0000000705600000, 0x0000000705700000|  0%| F|  |TAMS 0x0000000705600000, 0x0000000705600000| Untracked 
|  59|0x0000000705700000, 0x0000000705700000, 0x0000000705800000|  0%| F|  |TAMS 0x0000000705700000, 0x0000000705700000| Untracked 
|  60|0x0000000705800000, 0x0000000705800000, 0x0000000705900000|  0%| F|  |TAMS 0x0000000705800000, 0x0000000705800000| Untracked 
|  61|0x0000000705900000, 0x0000000705900000, 0x0000000705a00000|  0%| F|  |TAMS 0x0000000705900000, 0x0000000705900000| Untracked 
|  62|0x0000000705a00000, 0x0000000705a00000, 0x0000000705b00000|  0%| F|  |TAMS 0x0000000705a00000, 0x0000000705a00000| Untracked 
|  63|0x0000000705b00000, 0x0000000705b00000, 0x0000000705c00000|  0%| F|  |TAMS 0x0000000705b00000, 0x0000000705b00000| Untracked 
|  64|0x0000000705c00000, 0x0000000705c00000, 0x0000000705d00000|  0%| F|  |TAMS 0x0000000705c00000, 0x0000000705c00000| Untracked 
|  65|0x0000000705d00000, 0x0000000705d00000, 0x0000000705e00000|  0%| F|  |TAMS 0x0000000705d00000, 0x0000000705d00000| Untracked 
|  66|0x0000000705e00000, 0x0000000705e00000, 0x0000000705f00000|  0%| F|  |TAMS 0x0000000705e00000, 0x0000000705e00000| Untracked 
|  67|0x0000000705f00000, 0x0000000705f00000, 0x0000000706000000|  0%| F|  |TAMS 0x0000000705f00000, 0x0000000705f00000| Untracked 
|  68|0x0000000706000000, 0x0000000706000000, 0x0000000706100000|  0%| F|  |TAMS 0x0000000706000000, 0x0000000706000000| Untracked 
|  69|0x0000000706100000, 0x0000000706100000, 0x0000000706200000|  0%| F|  |TAMS 0x0000000706100000, 0x0000000706100000| Untracked 
|  70|0x0000000706200000, 0x0000000706200000, 0x0000000706300000|  0%| F|  |TAMS 0x0000000706200000, 0x0000000706200000| Untracked 
|  71|0x0000000706300000, 0x0000000706300000, 0x0000000706400000|  0%| F|  |TAMS 0x0000000706300000, 0x0000000706300000| Untracked 
|  72|0x0000000706400000, 0x0000000706400000, 0x0000000706500000|  0%| F|  |TAMS 0x0000000706400000, 0x0000000706400000| Untracked 
|  73|0x0000000706500000, 0x0000000706500000, 0x0000000706600000|  0%| F|  |TAMS 0x0000000706500000, 0x0000000706500000| Untracked 
|  74|0x0000000706600000, 0x0000000706600000, 0x0000000706700000|  0%| F|  |TAMS 0x0000000706600000, 0x0000000706600000| Untracked 
|  75|0x0000000706700000, 0x0000000706700000, 0x0000000706800000|  0%| F|  |TAMS 0x0000000706700000, 0x0000000706700000| Untracked 
|  76|0x0000000706800000, 0x0000000706800000, 0x0000000706900000|  0%| F|  |TAMS 0x0000000706800000, 0x0000000706800000| Untracked 
|  77|0x0000000706900000, 0x0000000706900000, 0x0000000706a00000|  0%| F|  |TAMS 0x0000000706900000, 0x0000000706900000| Untracked 
|  78|0x0000000706a00000, 0x0000000706a00000, 0x0000000706b00000|  0%| F|  |TAMS 0x0000000706a00000, 0x0000000706a00000| Untracked 
|  79|0x0000000706b00000, 0x0000000706b00000, 0x0000000706c00000|  0%| F|  |TAMS 0x0000000706b00000, 0x0000000706b00000| Untracked 
|  80|0x0000000706c00000, 0x0000000706c00000, 0x0000000706d00000|  0%| F|  |TAMS 0x0000000706c00000, 0x0000000706c00000| Untracked 
|  81|0x0000000706d00000, 0x0000000706d00000, 0x0000000706e00000|  0%| F|  |TAMS 0x0000000706d00000, 0x0000000706d00000| Untracked 
|  82|0x0000000706e00000, 0x0000000706e00000, 0x0000000706f00000|  0%| F|  |TAMS 0x0000000706e00000, 0x0000000706e00000| Untracked 
|  83|0x0000000706f00000, 0x0000000706f00000, 0x0000000707000000|  0%| F|  |TAMS 0x0000000706f00000, 0x0000000706f00000| Untracked 
|  84|0x0000000707000000, 0x0000000707000000, 0x0000000707100000|  0%| F|  |TAMS 0x0000000707000000, 0x0000000707000000| Untracked 
|  85|0x0000000707100000, 0x0000000707100000, 0x0000000707200000|  0%| F|  |TAMS 0x0000000707100000, 0x0000000707100000| Untracked 
|  86|0x0000000707200000, 0x0000000707200000, 0x0000000707300000|  0%| F|  |TAMS 0x0000000707200000, 0x0000000707200000| Untracked 
|  87|0x0000000707300000, 0x0000000707300000, 0x0000000707400000|  0%| F|  |TAMS 0x0000000707300000, 0x0000000707300000| Untracked 
|  88|0x0000000707400000, 0x0000000707400000, 0x0000000707500000|  0%| F|  |TAMS 0x0000000707400000, 0x0000000707400000| Untracked 
|  89|0x0000000707500000, 0x0000000707500000, 0x0000000707600000|  0%| F|  |TAMS 0x0000000707500000, 0x0000000707500000| Untracked 
|  90|0x0000000707600000, 0x0000000707600000, 0x0000000707700000|  0%| F|  |TAMS 0x0000000707600000, 0x0000000707600000| Untracked 
|  91|0x0000000707700000, 0x0000000707700000, 0x0000000707800000|  0%| F|  |TAMS 0x0000000707700000, 0x0000000707700000| Untracked 
|  92|0x0000000707800000, 0x0000000707800000, 0x0000000707900000|  0%| F|  |TAMS 0x0000000707800000, 0x0000000707800000| Untracked 
|  93|0x0000000707900000, 0x0000000707900000, 0x0000000707a00000|  0%| F|  |TAMS 0x0000000707900000, 0x0000000707900000| Untracked 
|  94|0x0000000707a00000, 0x0000000707a00000, 0x0000000707b00000|  0%| F|  |TAMS 0x0000000707a00000, 0x0000000707a00000| Untracked 
|  95|0x0000000707b00000, 0x0000000707b00000, 0x0000000707c00000|  0%| F|  |TAMS 0x0000000707b00000, 0x0000000707b00000| Untracked 
|  96|0x0000000707c00000, 0x0000000707c00000, 0x0000000707d00000|  0%| F|  |TAMS 0x0000000707c00000, 0x0000000707c00000| Untracked 
|  97|0x0000000707d00000, 0x0000000707d00000, 0x0000000707e00000|  0%| F|  |TAMS 0x0000000707d00000, 0x0000000707d00000| Untracked 
|  98|0x0000000707e00000, 0x0000000707e00000, 0x0000000707f00000|  0%| F|  |TAMS 0x0000000707e00000, 0x0000000707e00000| Untracked 
|  99|0x0000000707f00000, 0x0000000707f00000, 0x0000000708000000|  0%| F|  |TAMS 0x0000000707f00000, 0x0000000707f00000| Untracked 
| 100|0x0000000708000000, 0x0000000708000000, 0x0000000708100000|  0%| F|  |TAMS 0x0000000708000000, 0x0000000708000000| Untracked 
| 101|0x0000000708100000, 0x0000000708100000, 0x0000000708200000|  0%| F|  |TAMS 0x0000000708100000, 0x0000000708100000| Untracked 
| 102|0x0000000708200000, 0x0000000708200000, 0x0000000708300000|  0%| F|  |TAMS 0x0000000708200000, 0x0000000708200000| Untracked 
| 103|0x0000000708300000, 0x0000000708300000, 0x0000000708400000|  0%| F|  |TAMS 0x0000000708300000, 0x0000000708300000| Untracked 
| 104|0x0000000708400000, 0x0000000708400000, 0x0000000708500000|  0%| F|  |TAMS 0x0000000708400000, 0x0000000708400000| Untracked 
| 105|0x0000000708500000, 0x0000000708500000, 0x0000000708600000|  0%| F|  |TAMS 0x0000000708500000, 0x0000000708500000| Untracked 
| 106|0x0000000708600000, 0x0000000708600000, 0x0000000708700000|  0%| F|  |TAMS 0x0000000708600000, 0x0000000708600000| Untracked 
| 107|0x0000000708700000, 0x0000000708700000, 0x0000000708800000|  0%| F|  |TAMS 0x0000000708700000, 0x0000000708700000| Untracked 
| 108|0x0000000708800000, 0x0000000708800000, 0x0000000708900000|  0%| F|  |TAMS 0x0000000708800000, 0x0000000708800000| Untracked 
| 109|0x0000000708900000, 0x0000000708900000, 0x0000000708a00000|  0%| F|  |TAMS 0x0000000708900000, 0x0000000708900000| Untracked 
| 110|0x0000000708a00000, 0x0000000708a00000, 0x0000000708b00000|  0%| F|  |TAMS 0x0000000708a00000, 0x0000000708a00000| Untracked 
| 111|0x0000000708b00000, 0x0000000708b00000, 0x0000000708c00000|  0%| F|  |TAMS 0x0000000708b00000, 0x0000000708b00000| Untracked 
| 112|0x0000000708c00000, 0x0000000708c00000, 0x0000000708d00000|  0%| F|  |TAMS 0x0000000708c00000, 0x0000000708c00000| Untracked 
| 113|0x0000000708d00000, 0x0000000708d00000, 0x0000000708e00000|  0%| F|  |TAMS 0x0000000708d00000, 0x0000000708d00000| Untracked 
| 114|0x0000000708e00000, 0x0000000708e00000, 0x0000000708f00000|  0%| F|  |TAMS 0x0000000708e00000, 0x0000000708e00000| Untracked 
| 115|0x0000000708f00000, 0x0000000708f00000, 0x0000000709000000|  0%| F|  |TAMS 0x0000000708f00000, 0x0000000708f00000| Untracked 
| 116|0x0000000709000000, 0x0000000709000000, 0x0000000709100000|  0%| F|  |TAMS 0x0000000709000000, 0x0000000709000000| Untracked 
| 117|0x0000000709100000, 0x0000000709100000, 0x0000000709200000|  0%| F|  |TAMS 0x0000000709100000, 0x0000000709100000| Untracked 
| 118|0x0000000709200000, 0x0000000709200000, 0x0000000709300000|  0%| F|  |TAMS 0x0000000709200000, 0x0000000709200000| Untracked 
| 119|0x0000000709300000, 0x0000000709300000, 0x0000000709400000|  0%| F|  |TAMS 0x0000000709300000, 0x0000000709300000| Untracked 
| 120|0x0000000709400000, 0x0000000709400000, 0x0000000709500000|  0%| F|  |TAMS 0x0000000709400000, 0x0000000709400000| Untracked 
| 121|0x0000000709500000, 0x0000000709500000, 0x0000000709600000|  0%| F|  |TAMS 0x0000000709500000, 0x0000000709500000| Untracked 
| 122|0x0000000709600000, 0x0000000709600000, 0x0000000709700000|  0%| F|  |TAMS 0x0000000709600000, 0x0000000709600000| Untracked 
| 123|0x0000000709700000, 0x0000000709700000, 0x0000000709800000|  0%| F|  |TAMS 0x0000000709700000, 0x0000000709700000| Untracked 
| 124|0x0000000709800000, 0x0000000709800000, 0x0000000709900000|  0%| F|  |TAMS 0x0000000709800000, 0x0000000709800000| Untracked 
| 125|0x0000000709900000, 0x0000000709900000, 0x0000000709a00000|  0%| F|  |TAMS 0x0000000709900000, 0x0000000709900000| Untracked 
| 126|0x0000000709a00000, 0x0000000709a00000, 0x0000000709b00000|  0%| F|  |TAMS 0x0000000709a00000, 0x0000000709a00000| Untracked 
| 127|0x0000000709b00000, 0x0000000709b00000, 0x0000000709c00000|  0%| F|  |TAMS 0x0000000709b00000, 0x0000000709b00000| Untracked 
| 128|0x0000000709c00000, 0x0000000709c00000, 0x0000000709d00000|  0%| F|  |TAMS 0x0000000709c00000, 0x0000000709c00000| Untracked 
| 129|0x0000000709d00000, 0x0000000709d00000, 0x0000000709e00000|  0%| F|  |TAMS 0x0000000709d00000, 0x0000000709d00000| Untracked 
| 130|0x0000000709e00000, 0x0000000709e00000, 0x0000000709f00000|  0%| F|  |TAMS 0x0000000709e00000, 0x0000000709e00000| Untracked 
| 131|0x0000000709f00000, 0x0000000709f00000, 0x000000070a000000|  0%| F|  |TAMS 0x0000000709f00000, 0x0000000709f00000| Untracked 
| 132|0x000000070a000000, 0x000000070a000000, 0x000000070a100000|  0%| F|  |TAMS 0x000000070a000000, 0x000000070a000000| Untracked 
| 133|0x000000070a100000, 0x000000070a100000, 0x000000070a200000|  0%| F|  |TAMS 0x000000070a100000, 0x000000070a100000| Untracked 
| 134|0x000000070a200000, 0x000000070a200000, 0x000000070a300000|  0%| F|  |TAMS 0x000000070a200000, 0x000000070a200000| Untracked 
| 135|0x000000070a300000, 0x000000070a300000, 0x000000070a400000|  0%| F|  |TAMS 0x000000070a300000, 0x000000070a300000| Untracked 
| 136|0x000000070a400000, 0x000000070a400000, 0x000000070a500000|  0%| F|  |TAMS 0x000000070a400000, 0x000000070a400000| Untracked 
| 137|0x000000070a500000, 0x000000070a500000, 0x000000070a600000|  0%| F|  |TAMS 0x000000070a500000, 0x000000070a500000| Untracked 
| 138|0x000000070a600000, 0x000000070a600000, 0x000000070a700000|  0%| F|  |TAMS 0x000000070a600000, 0x000000070a600000| Untracked 
| 139|0x000000070a700000, 0x000000070a700000, 0x000000070a800000|  0%| F|  |TAMS 0x000000070a700000, 0x000000070a700000| Untracked 
| 140|0x000000070a800000, 0x000000070a800000, 0x000000070a900000|  0%| F|  |TAMS 0x000000070a800000, 0x000000070a800000| Untracked 
| 141|0x000000070a900000, 0x000000070a900000, 0x000000070aa00000|  0%| F|  |TAMS 0x000000070a900000, 0x000000070a900000| Untracked 
| 142|0x000000070aa00000, 0x000000070aa00000, 0x000000070ab00000|  0%| F|  |TAMS 0x000000070aa00000, 0x000000070aa00000| Untracked 
| 143|0x000000070ab00000, 0x000000070ab00000, 0x000000070ac00000|  0%| F|  |TAMS 0x000000070ab00000, 0x000000070ab00000| Untracked 
| 144|0x000000070ac00000, 0x000000070ac00000, 0x000000070ad00000|  0%| F|  |TAMS 0x000000070ac00000, 0x000000070ac00000| Untracked 
| 145|0x000000070ad00000, 0x000000070ad00000, 0x000000070ae00000|  0%| F|  |TAMS 0x000000070ad00000, 0x000000070ad00000| Untracked 
| 146|0x000000070ae00000, 0x000000070ae00000, 0x000000070af00000|  0%| F|  |TAMS 0x000000070ae00000, 0x000000070ae00000| Untracked 
| 147|0x000000070af00000, 0x000000070af00000, 0x000000070b000000|  0%| F|  |TAMS 0x000000070af00000, 0x000000070af00000| Untracked 
| 148|0x000000070b000000, 0x000000070b000000, 0x000000070b100000|  0%| F|  |TAMS 0x000000070b000000, 0x000000070b000000| Untracked 
| 149|0x000000070b100000, 0x000000070b100000, 0x000000070b200000|  0%| F|  |TAMS 0x000000070b100000, 0x000000070b100000| Untracked 
| 150|0x000000070b200000, 0x000000070b200000, 0x000000070b300000|  0%| F|  |TAMS 0x000000070b200000, 0x000000070b200000| Untracked 
| 151|0x000000070b300000, 0x000000070b300000, 0x000000070b400000|  0%| F|  |TAMS 0x000000070b300000, 0x000000070b300000| Untracked 
| 152|0x000000070b400000, 0x000000070b400000, 0x000000070b500000|  0%| F|  |TAMS 0x000000070b400000, 0x000000070b400000| Untracked 
| 153|0x000000070b500000, 0x000000070b500000, 0x000000070b600000|  0%| F|  |TAMS 0x000000070b500000, 0x000000070b500000| Untracked 
| 154|0x000000070b600000, 0x000000070b600000, 0x000000070b700000|  0%| F|  |TAMS 0x000000070b600000, 0x000000070b600000| Untracked 
| 155|0x000000070b700000, 0x000000070b700000, 0x000000070b800000|  0%| F|  |TAMS 0x000000070b700000, 0x000000070b700000| Untracked 
| 156|0x000000070b800000, 0x000000070b800000, 0x000000070b900000|  0%| F|  |TAMS 0x000000070b800000, 0x000000070b800000| Untracked 
| 157|0x000000070b900000, 0x000000070b900000, 0x000000070ba00000|  0%| F|  |TAMS 0x000000070b900000, 0x000000070b900000| Untracked 
| 158|0x000000070ba00000, 0x000000070ba00000, 0x000000070bb00000|  0%| F|  |TAMS 0x000000070ba00000, 0x000000070ba00000| Untracked 
| 159|0x000000070bb00000, 0x000000070bb00000, 0x000000070bc00000|  0%| F|  |TAMS 0x000000070bb00000, 0x000000070bb00000| Untracked 
| 160|0x000000070bc00000, 0x000000070bc00000, 0x000000070bd00000|  0%| F|  |TAMS 0x000000070bc00000, 0x000000070bc00000| Untracked 
| 161|0x000000070bd00000, 0x000000070bd00000, 0x000000070be00000|  0%| F|  |TAMS 0x000000070bd00000, 0x000000070bd00000| Untracked 
| 162|0x000000070be00000, 0x000000070be00000, 0x000000070bf00000|  0%| F|  |TAMS 0x000000070be00000, 0x000000070be00000| Untracked 
| 163|0x000000070bf00000, 0x000000070bf00000, 0x000000070c000000|  0%| F|  |TAMS 0x000000070bf00000, 0x000000070bf00000| Untracked 
| 164|0x000000070c000000, 0x000000070c000000, 0x000000070c100000|  0%| F|  |TAMS 0x000000070c000000, 0x000000070c000000| Untracked 
| 165|0x000000070c100000, 0x000000070c100000, 0x000000070c200000|  0%| F|  |TAMS 0x000000070c100000, 0x000000070c100000| Untracked 
| 166|0x000000070c200000, 0x000000070c200000, 0x000000070c300000|  0%| F|  |TAMS 0x000000070c200000, 0x000000070c200000| Untracked 
| 167|0x000000070c300000, 0x000000070c300000, 0x000000070c400000|  0%| F|  |TAMS 0x000000070c300000, 0x000000070c300000| Untracked 
| 168|0x000000070c400000, 0x000000070c400000, 0x000000070c500000|  0%| F|  |TAMS 0x000000070c400000, 0x000000070c400000| Untracked 
| 169|0x000000070c500000, 0x000000070c500000, 0x000000070c600000|  0%| F|  |TAMS 0x000000070c500000, 0x000000070c500000| Untracked 
| 170|0x000000070c600000, 0x000000070c600000, 0x000000070c700000|  0%| F|  |TAMS 0x000000070c600000, 0x000000070c600000| Untracked 
| 171|0x000000070c700000, 0x000000070c700000, 0x000000070c800000|  0%| F|  |TAMS 0x000000070c700000, 0x000000070c700000| Untracked 
| 172|0x000000070c800000, 0x000000070c800000, 0x000000070c900000|  0%| F|  |TAMS 0x000000070c800000, 0x000000070c800000| Untracked 
| 173|0x000000070c900000, 0x000000070c900000, 0x000000070ca00000|  0%| F|  |TAMS 0x000000070c900000, 0x000000070c900000| Untracked 
| 174|0x000000070ca00000, 0x000000070ca00000, 0x000000070cb00000|  0%| F|  |TAMS 0x000000070ca00000, 0x000000070ca00000| Untracked 
| 175|0x000000070cb00000, 0x000000070cb00000, 0x000000070cc00000|  0%| F|  |TAMS 0x000000070cb00000, 0x000000070cb00000| Untracked 
| 176|0x000000070cc00000, 0x000000070cc00000, 0x000000070cd00000|  0%| F|  |TAMS 0x000000070cc00000, 0x000000070cc00000| Untracked 
| 177|0x000000070cd00000, 0x000000070cd00000, 0x000000070ce00000|  0%| F|  |TAMS 0x000000070cd00000, 0x000000070cd00000| Untracked 
| 178|0x000000070ce00000, 0x000000070ce00000, 0x000000070cf00000|  0%| F|  |TAMS 0x000000070ce00000, 0x000000070ce00000| Untracked 
| 179|0x000000070cf00000, 0x000000070cf00000, 0x000000070d000000|  0%| F|  |TAMS 0x000000070cf00000, 0x000000070cf00000| Untracked 
| 180|0x000000070d000000, 0x000000070d000000, 0x000000070d100000|  0%| F|  |TAMS 0x000000070d000000, 0x000000070d000000| Untracked 
| 181|0x000000070d100000, 0x000000070d100000, 0x000000070d200000|  0%| F|  |TAMS 0x000000070d100000, 0x000000070d100000| Untracked 
| 182|0x000000070d200000, 0x000000070d200000, 0x000000070d300000|  0%| F|  |TAMS 0x000000070d200000, 0x000000070d200000| Untracked 
| 183|0x000000070d300000, 0x000000070d300000, 0x000000070d400000|  0%| F|  |TAMS 0x000000070d300000, 0x000000070d300000| Untracked 
| 184|0x000000070d400000, 0x000000070d400000, 0x000000070d500000|  0%| F|  |TAMS 0x000000070d400000, 0x000000070d400000| Untracked 
| 185|0x000000070d500000, 0x000000070d500000, 0x000000070d600000|  0%| F|  |TAMS 0x000000070d500000, 0x000000070d500000| Untracked 
| 186|0x000000070d600000, 0x000000070d600000, 0x000000070d700000|  0%| F|  |TAMS 0x000000070d600000, 0x000000070d600000| Untracked 
| 187|0x000000070d700000, 0x000000070d700000, 0x000000070d800000|  0%| F|  |TAMS 0x000000070d700000, 0x000000070d700000| Untracked 
| 188|0x000000070d800000, 0x000000070d800000, 0x000000070d900000|  0%| F|  |TAMS 0x000000070d800000, 0x000000070d800000| Untracked 
| 189|0x000000070d900000, 0x000000070d900000, 0x000000070da00000|  0%| F|  |TAMS 0x000000070d900000, 0x000000070d900000| Untracked 
| 190|0x000000070da00000, 0x000000070da00000, 0x000000070db00000|  0%| F|  |TAMS 0x000000070da00000, 0x000000070da00000| Untracked 
| 191|0x000000070db00000, 0x000000070db00000, 0x000000070dc00000|  0%| F|  |TAMS 0x000000070db00000, 0x000000070db00000| Untracked 
| 192|0x000000070dc00000, 0x000000070dc00000, 0x000000070dd00000|  0%| F|  |TAMS 0x000000070dc00000, 0x000000070dc00000| Untracked 
| 193|0x000000070dd00000, 0x000000070dd00000, 0x000000070de00000|  0%| F|  |TAMS 0x000000070dd00000, 0x000000070dd00000| Untracked 
| 194|0x000000070de00000, 0x000000070de00000, 0x000000070df00000|  0%| F|  |TAMS 0x000000070de00000, 0x000000070de00000| Untracked 
| 195|0x000000070df00000, 0x000000070df00000, 0x000000070e000000|  0%| F|  |TAMS 0x000000070df00000, 0x000000070df00000| Untracked 
| 196|0x000000070e000000, 0x000000070e000000, 0x000000070e100000|  0%| F|  |TAMS 0x000000070e000000, 0x000000070e000000| Untracked 
| 197|0x000000070e100000, 0x000000070e100000, 0x000000070e200000|  0%| F|  |TAMS 0x000000070e100000, 0x000000070e100000| Untracked 
| 198|0x000000070e200000, 0x000000070e200000, 0x000000070e300000|  0%| F|  |TAMS 0x000000070e200000, 0x000000070e200000| Untracked 
| 199|0x000000070e300000, 0x000000070e300000, 0x000000070e400000|  0%| F|  |TAMS 0x000000070e300000, 0x000000070e300000| Untracked 
| 200|0x000000070e400000, 0x000000070e400000, 0x000000070e500000|  0%| F|  |TAMS 0x000000070e400000, 0x000000070e400000| Untracked 
| 201|0x000000070e500000, 0x000000070e500000, 0x000000070e600000|  0%| F|  |TAMS 0x000000070e500000, 0x000000070e500000| Untracked 
| 202|0x000000070e600000, 0x000000070e600000, 0x000000070e700000|  0%| F|  |TAMS 0x000000070e600000, 0x000000070e600000| Untracked 
| 203|0x000000070e700000, 0x000000070e700000, 0x000000070e800000|  0%| F|  |TAMS 0x000000070e700000, 0x000000070e700000| Untracked 
| 204|0x000000070e800000, 0x000000070e800000, 0x000000070e900000|  0%| F|  |TAMS 0x000000070e800000, 0x000000070e800000| Untracked 
| 205|0x000000070e900000, 0x000000070e900000, 0x000000070ea00000|  0%| F|  |TAMS 0x000000070e900000, 0x000000070e900000| Untracked 
| 206|0x000000070ea00000, 0x000000070ea00000, 0x000000070eb00000|  0%| F|  |TAMS 0x000000070ea00000, 0x000000070ea00000| Untracked 
| 207|0x000000070eb00000, 0x000000070eb00000, 0x000000070ec00000|  0%| F|  |TAMS 0x000000070eb00000, 0x000000070eb00000| Untracked 
| 208|0x000000070ec00000, 0x000000070ec00000, 0x000000070ed00000|  0%| F|  |TAMS 0x000000070ec00000, 0x000000070ec00000| Untracked 
| 209|0x000000070ed00000, 0x000000070ed00000, 0x000000070ee00000|  0%| F|  |TAMS 0x000000070ed00000, 0x000000070ed00000| Untracked 
| 210|0x000000070ee00000, 0x000000070ee00000, 0x000000070ef00000|  0%| F|  |TAMS 0x000000070ee00000, 0x000000070ee00000| Untracked 
| 211|0x000000070ef00000, 0x000000070ef00000, 0x000000070f000000|  0%| F|  |TAMS 0x000000070ef00000, 0x000000070ef00000| Untracked 
| 212|0x000000070f000000, 0x000000070f000000, 0x000000070f100000|  0%| F|  |TAMS 0x000000070f000000, 0x000000070f000000| Untracked 
| 213|0x000000070f100000, 0x000000070f100000, 0x000000070f200000|  0%| F|  |TAMS 0x000000070f100000, 0x000000070f100000| Untracked 
| 214|0x000000070f200000, 0x000000070f200000, 0x000000070f300000|  0%| F|  |TAMS 0x000000070f200000, 0x000000070f200000| Untracked 
| 215|0x000000070f300000, 0x000000070f300000, 0x000000070f400000|  0%| F|  |TAMS 0x000000070f300000, 0x000000070f300000| Untracked 
| 216|0x000000070f400000, 0x000000070f400000, 0x000000070f500000|  0%| F|  |TAMS 0x000000070f400000, 0x000000070f400000| Untracked 
| 217|0x000000070f500000, 0x000000070f500000, 0x000000070f600000|  0%| F|  |TAMS 0x000000070f500000, 0x000000070f500000| Untracked 
| 218|0x000000070f600000, 0x000000070f600000, 0x000000070f700000|  0%| F|  |TAMS 0x000000070f600000, 0x000000070f600000| Untracked 
| 219|0x000000070f700000, 0x000000070f700000, 0x000000070f800000|  0%| F|  |TAMS 0x000000070f700000, 0x000000070f700000| Untracked 
| 220|0x000000070f800000, 0x000000070f800000, 0x000000070f900000|  0%| F|  |TAMS 0x000000070f800000, 0x000000070f800000| Untracked 
| 221|0x000000070f900000, 0x000000070f900000, 0x000000070fa00000|  0%| F|  |TAMS 0x000000070f900000, 0x000000070f900000| Untracked 
| 222|0x000000070fa00000, 0x000000070fa00000, 0x000000070fb00000|  0%| F|  |TAMS 0x000000070fa00000, 0x000000070fa00000| Untracked 
| 223|0x000000070fb00000, 0x000000070fb00000, 0x000000070fc00000|  0%| F|  |TAMS 0x000000070fb00000, 0x000000070fb00000| Untracked 
| 224|0x000000070fc00000, 0x000000070fc00000, 0x000000070fd00000|  0%| F|  |TAMS 0x000000070fc00000, 0x000000070fc00000| Untracked 
| 225|0x000000070fd00000, 0x000000070fd00000, 0x000000070fe00000|  0%| F|  |TAMS 0x000000070fd00000, 0x000000070fd00000| Untracked 
| 226|0x000000070fe00000, 0x000000070fe00000, 0x000000070ff00000|  0%| F|  |TAMS 0x000000070fe00000, 0x000000070fe00000| Untracked 
| 227|0x000000070ff00000, 0x000000070ff00000, 0x0000000710000000|  0%| F|  |TAMS 0x000000070ff00000, 0x000000070ff00000| Untracked 
| 228|0x0000000710000000, 0x0000000710000000, 0x0000000710100000|  0%| F|  |TAMS 0x0000000710000000, 0x0000000710000000| Untracked 
| 229|0x0000000710100000, 0x0000000710100000, 0x0000000710200000|  0%| F|  |TAMS 0x0000000710100000, 0x0000000710100000| Untracked 
| 230|0x0000000710200000, 0x0000000710200000, 0x0000000710300000|  0%| F|  |TAMS 0x0000000710200000, 0x0000000710200000| Untracked 
| 231|0x0000000710300000, 0x0000000710300000, 0x0000000710400000|  0%| F|  |TAMS 0x0000000710300000, 0x0000000710300000| Untracked 
| 232|0x0000000710400000, 0x0000000710400000, 0x0000000710500000|  0%| F|  |TAMS 0x0000000710400000, 0x0000000710400000| Untracked 
| 233|0x0000000710500000, 0x0000000710500000, 0x0000000710600000|  0%| F|  |TAMS 0x0000000710500000, 0x0000000710500000| Untracked 
| 234|0x0000000710600000, 0x0000000710600000, 0x0000000710700000|  0%| F|  |TAMS 0x0000000710600000, 0x0000000710600000| Untracked 
| 235|0x0000000710700000, 0x00000007107cf150, 0x0000000710800000| 80%| E|  |TAMS 0x0000000710700000, 0x0000000710700000| Complete 
| 236|0x0000000710800000, 0x0000000710900000, 0x0000000710900000|100%| E|CS|TAMS 0x0000000710800000, 0x0000000710800000| Complete 
| 237|0x0000000710900000, 0x0000000710a00000, 0x0000000710a00000|100%| E|CS|TAMS 0x0000000710900000, 0x0000000710900000| Complete 
| 238|0x0000000710a00000, 0x0000000710b00000, 0x0000000710b00000|100%| E|CS|TAMS 0x0000000710a00000, 0x0000000710a00000| Complete 
| 239|0x0000000710b00000, 0x0000000710bedfb0, 0x0000000710c00000| 92%| S|CS|TAMS 0x0000000710b00000, 0x0000000710b00000| Complete 
| 240|0x0000000710c00000, 0x0000000710d00000, 0x0000000710d00000|100%| S|CS|TAMS 0x0000000710c00000, 0x0000000710c00000| Complete 
| 241|0x0000000710d00000, 0x0000000710e00000, 0x0000000710e00000|100%| E|CS|TAMS 0x0000000710d00000, 0x0000000710d00000| Complete 
| 242|0x0000000710e00000, 0x0000000710f00000, 0x0000000710f00000|100%| E|CS|TAMS 0x0000000710e00000, 0x0000000710e00000| Complete 
| 243|0x0000000710f00000, 0x0000000711000000, 0x0000000711000000|100%| E|CS|TAMS 0x0000000710f00000, 0x0000000710f00000| Complete 
| 244|0x0000000711000000, 0x0000000711100000, 0x0000000711100000|100%| E|CS|TAMS 0x0000000711000000, 0x0000000711000000| Complete 
| 245|0x0000000711100000, 0x0000000711200000, 0x0000000711200000|100%| E|CS|TAMS 0x0000000711100000, 0x0000000711100000| Complete 
| 246|0x0000000711200000, 0x0000000711300000, 0x0000000711300000|100%| E|CS|TAMS 0x0000000711200000, 0x0000000711200000| Complete 
| 247|0x0000000711300000, 0x0000000711400000, 0x0000000711400000|100%| E|  |TAMS 0x0000000711300000, 0x0000000711300000| Complete 
| 248|0x0000000711400000, 0x0000000711500000, 0x0000000711500000|100%| E|CS|TAMS 0x0000000711400000, 0x0000000711400000| Complete 
| 249|0x0000000711500000, 0x0000000711600000, 0x0000000711600000|100%| E|CS|TAMS 0x0000000711500000, 0x0000000711500000| Complete 
| 250|0x0000000711600000, 0x0000000711700000, 0x0000000711700000|100%| E|CS|TAMS 0x0000000711600000, 0x0000000711600000| Complete 
| 251|0x0000000711700000, 0x0000000711800000, 0x0000000711800000|100%| E|CS|TAMS 0x0000000711700000, 0x0000000711700000| Complete 
| 252|0x0000000711800000, 0x0000000711900000, 0x0000000711900000|100%| E|CS|TAMS 0x0000000711800000, 0x0000000711800000| Complete 
| 253|0x0000000711900000, 0x0000000711a00000, 0x0000000711a00000|100%| E|CS|TAMS 0x0000000711900000, 0x0000000711900000| Complete 
| 254|0x0000000711a00000, 0x0000000711b00000, 0x0000000711b00000|100%| E|CS|TAMS 0x0000000711a00000, 0x0000000711a00000| Complete 
| 255|0x0000000711b00000, 0x0000000711c00000, 0x0000000711c00000|100%| E|CS|TAMS 0x0000000711b00000, 0x0000000711b00000| Complete 

Card table byte_map: [0x0000019dbbce0000,0x0000019dbc4e0000] _byte_map_base: 0x0000019db84d2000

Marking Bits (Prev, Next): (CMBitMap*) 0x0000019da1fb9d18, (CMBitMap*) 0x0000019da1fb9d58
 Prev Bits: [0x0000019dbcce0000, 0x0000019dc0c70000)
 Next Bits: [0x0000019dc0c70000, 0x0000019dc4c00000)

Polling page: 0x0000019da1d70000

Metaspace:

Usage:
  Non-class:     13.35 MB capacity,    13.06 MB ( 98%) used,   255.35 KB (  2%) free+waste,    44.31 KB ( <1%) overhead. 
      Class:      2.11 MB capacity,     1.91 MB ( 90%) used,   183.69 KB (  8%) free+waste,    23.31 KB (  1%) overhead. 
       Both:     15.46 MB capacity,    14.97 MB ( 97%) used,   439.04 KB (  3%) free+waste,    67.63 KB ( <1%) overhead. 

Virtual space:
  Non-class space:       14.00 MB reserved,      13.50 MB ( 96%) committed 
      Class space:        1.00 GB reserved,       2.13 MB ( <1%) committed 
             Both:        1.01 GB reserved,      15.63 MB (  2%) committed 

Chunk freelists:
   Non-Class:  27.00 KB
       Class:  0 bytes
        Both:  27.00 KB

MaxMetaspaceSize: 17179869184.00 GB
CompressedClassSpaceSize: 1.00 GB

CodeHeap 'non-profiled nmethods': size=120000Kb used=613Kb max_used=613Kb free=119386Kb
 bounds [0x0000019db3990000, 0x0000019db3c00000, 0x0000019dbaec0000]
CodeHeap 'profiled nmethods': size=120000Kb used=2889Kb max_used=2889Kb free=117110Kb
 bounds [0x0000019dac460000, 0x0000019dac740000, 0x0000019db3990000]
CodeHeap 'non-nmethods': size=5760Kb used=1423Kb max_used=1423Kb free=4336Kb
 bounds [0x0000019dabec0000, 0x0000019dac130000, 0x0000019dac460000]
 total_blobs=2345 nmethods=1605 adapters=652
 compilation: enabled
              stopped_count=0, restarted_count=0
 full_count=0

Compilation events (20 events):
Event: 1.931 Thread 0x0000019dc7b6a000 1591       1       javafx.css.Declaration::getProperty (5 bytes)
Event: 1.931 Thread 0x0000019dc7b6a000 nmethod 1591 0x0000019db3a28910 code [0x0000019db3a28aa0, 0x0000019db3a28b78]
Event: 1.931 Thread 0x0000019dc7b6a000 1592       3       com.sun.javafx.css.CascadingStyle::getProperty (11 bytes)
Event: 1.931 Thread 0x0000019dc7b6a000 nmethod 1592 0x0000019dac72ce10 code [0x0000019dac72cfa0, 0x0000019dac72d118]
Event: 1.932 Thread 0x0000019dc7b6a000 1593       3       java.lang.String::indexOf (64 bytes)
Event: 1.933 Thread 0x0000019dc7b6a000 nmethod 1593 0x0000019dac72d210 code [0x0000019dac72d460, 0x0000019dac72dd88]
Event: 1.933 Thread 0x0000019dc7b6a000 1594       3       java.lang.StringLatin1::indexOf (25 bytes)
Event: 1.933 Thread 0x0000019dc7b6a000 nmethod 1594 0x0000019dac72e110 code [0x0000019dac72e2c0, 0x0000019dac72e488]
Event: 1.935 Thread 0x0000019dc7b6a000 1595       1       java.lang.invoke.MethodHandle::internalForm (5 bytes)
Event: 1.936 Thread 0x0000019dc7b6a000 nmethod 1595 0x0000019db3a28c10 code [0x0000019db3a28da0, 0x0000019db3a28e78]
Event: 1.940 Thread 0x0000019dc7b6a000 1596       3       javafx.scene.Node::getStyleableParent (5 bytes)
Event: 1.940 Thread 0x0000019dc7b6a000 nmethod 1596 0x0000019dac72e590 code [0x0000019dac72e760, 0x0000019dac72ec68]
Event: 1.940 Thread 0x0000019dc7b6a000 1597       3       java.io.Bits::getInt (43 bytes)
Event: 1.940 Thread 0x0000019dc7b6a000 nmethod 1597 0x0000019dac72ed90 code [0x0000019dac72ef20, 0x0000019dac72f0b8]
Event: 1.940 Thread 0x0000019dc7b6a000 1598       3       java.io.ObjectInputStream::readInt (8 bytes)
Event: 1.941 Thread 0x0000019dc7b6a000 nmethod 1598 0x0000019dac72f210 code [0x0000019dac72f3c0, 0x0000019dac72f528]
Event: 1.941 Thread 0x0000019dc7b6a000 1599       3       java.io.ObjectInputStream$BlockDataInputStream::readInt (73 bytes)
Event: 1.941 Thread 0x0000019dc7b6a000 nmethod 1599 0x0000019dac72f610 code [0x0000019dac72f7e0, 0x0000019dac72faa8]
Event: 1.941 Thread 0x0000019dc7b6a000 1600       1       java.lang.invoke.MethodHandleImpl$IntrinsicMethodHandle::getTarget (5 bytes)
Event: 1.941 Thread 0x0000019dc7b6a000 nmethod 1600 0x0000019db3a28f10 code [0x0000019db3a290a0, 0x0000019db3a29178]

GC Heap History (4 events):
Event: 1.165 GC heap before
{Heap before GC invocations=0 (full 0):
 garbage-first heap   total 262144K, used 14336K [0x0000000701c00000, 0x0000000800000000)
  region size 1024K, 13 young (13312K), 0 survivors (0K)
 Metaspace       used 5508K, capacity 5780K, committed 5888K, reserved 1056768K
  class space    used 625K, capacity 721K, committed 768K, reserved 1048576K
}
Event: 1.169 GC heap after
{Heap after GC invocations=1 (full 0):
 garbage-first heap   total 262144K, used 4999K [0x0000000701c00000, 0x0000000800000000)
  region size 1024K, 2 young (2048K), 2 survivors (2048K)
 Metaspace       used 5508K, capacity 5780K, committed 5888K, reserved 1056768K
  class space    used 625K, capacity 721K, committed 768K, reserved 1048576K
}
Event: 1.634 GC heap before
{Heap before GC invocations=1 (full 0):
 garbage-first heap   total 262144K, used 17287K [0x0000000701c00000, 0x0000000800000000)
  region size 1024K, 15 young (15360K), 2 survivors (2048K)
 Metaspace       used 10629K, capacity 10973K, committed 11264K, reserved 1058816K
  class space    used 1112K, capacity 1242K, committed 1280K, reserved 1048576K
}
Event: 1.637 GC heap after
{Heap after GC invocations=2 (full 0):
 garbage-first heap   total 262144K, used 7043K [0x0000000701c00000, 0x0000000800000000)
  region size 1024K, 2 young (2048K), 2 survivors (2048K)
 Metaspace       used 10629K, capacity 10973K, committed 11264K, reserved 1058816K
  class space    used 1112K, capacity 1242K, committed 1280K, reserved 1048576K
}

Deoptimization events (20 events):
Event: 1.825 Thread 0x0000019dc850f000 Uncommon trap: trap_request=0xffffff45 fr.pc=0x0000019db3a1b3b0 relative=0x00000000000004b0
Event: 1.825 Thread 0x0000019dc850f000 Uncommon trap: reason=unstable_if action=reinterpret pc=0x0000019db3a1b3b0 method=java.util.HashMap.hash(Ljava/lang/Object;)I @ 1 c2
Event: 1.825 Thread 0x0000019dc850f000 DEOPT PACKING pc=0x0000019db3a1b3b0 sp=0x00000037106fd7f0
Event: 1.825 Thread 0x0000019dc850f000 DEOPT UNPACKING pc=0x0000019dabf0912f sp=0x00000037106fd738 mode 2
Event: 1.853 Thread 0x0000019dc850f000 Uncommon trap: trap_request=0xffffff45 fr.pc=0x0000019db39b4154 relative=0x0000000000000034
Event: 1.853 Thread 0x0000019dc850f000 Uncommon trap: reason=unstable_if action=reinterpret pc=0x0000019db39b4154 method=java.lang.StringLatin1.canEncode(I)Z @ 4 c2
Event: 1.853 Thread 0x0000019dc850f000 DEOPT PACKING pc=0x0000019db39b4154 sp=0x00000037106fbad0
Event: 1.853 Thread 0x0000019dc850f000 DEOPT UNPACKING pc=0x0000019dabf0912f sp=0x00000037106fba60 mode 2
Event: 1.931 Thread 0x0000019dc850f000 Uncommon trap: trap_request=0xffffffde fr.pc=0x0000019db39a2968 relative=0x00000000000001c8
Event: 1.931 Thread 0x0000019dc850f000 Uncommon trap: reason=class_check action=maybe_recompile pc=0x0000019db39a2968 method=java.lang.String.equals(Ljava/lang/Object;)Z @ 8 c2
Event: 1.931 Thread 0x0000019dc850f000 DEOPT PACKING pc=0x0000019db39a2968 sp=0x00000037106fd600
Event: 1.931 Thread 0x0000019dc850f000 DEOPT UNPACKING pc=0x0000019dabf0912f sp=0x00000037106fd5a8 mode 2
Event: 1.931 Thread 0x0000019dc850f000 Uncommon trap: trap_request=0xffffffde fr.pc=0x0000019db39a2968 relative=0x00000000000001c8
Event: 1.931 Thread 0x0000019dc850f000 Uncommon trap: reason=class_check action=maybe_recompile pc=0x0000019db39a2968 method=java.lang.String.equals(Ljava/lang/Object;)Z @ 8 c2
Event: 1.931 Thread 0x0000019dc850f000 DEOPT PACKING pc=0x0000019db39a2968 sp=0x00000037106fd510
Event: 1.931 Thread 0x0000019dc850f000 DEOPT UNPACKING pc=0x0000019dabf0912f sp=0x00000037106fd4b8 mode 2
Event: 1.931 Thread 0x0000019dc850f000 Uncommon trap: trap_request=0xffffffde fr.pc=0x0000019db39a2968 relative=0x00000000000001c8
Event: 1.931 Thread 0x0000019dc850f000 Uncommon trap: reason=class_check action=maybe_recompile pc=0x0000019db39a2968 method=java.lang.String.equals(Ljava/lang/Object;)Z @ 8 c2
Event: 1.931 Thread 0x0000019dc850f000 DEOPT PACKING pc=0x0000019db39a2968 sp=0x00000037106fd510
Event: 1.931 Thread 0x0000019dc850f000 DEOPT UNPACKING pc=0x0000019dabf0912f sp=0x00000037106fd4b8 mode 2

Classes unloaded (0 events):
No events

Classes redefined (0 events):
No events

Internal exceptions (20 events):
Event: 0.536 Thread 0x0000019da1f4f000 Exception <a 'java/lang/NoSuchMethodError'{0x0000000711226608}: 'int java.lang.invoke.DirectMethodHandle$Holder.invokeInterface(java.lang.Object, java.lang.Object)'> (0x0000000711226608) 
thrown [./open/src/hotspot/share/interpreter/linkResolver.cpp, line 766]
Event: 0.536 Thread 0x0000019da1f4f000 Exception <a 'java/lang/IncompatibleClassChangeError'{0x0000000711229110}: Found class java.lang.Object, but interface was expected> (0x0000000711229110) 
thrown [./open/src/hotspot/share/interpreter/linkResolver.cpp, line 832]
Event: 0.676 Thread 0x0000019dc8180800 Exception <a 'java/lang/VerifyError'{0x0000000711391d88}: Stack map does not match the one at exception handler 21
Exception Details:
  Location:
    org/netbeans/lib/profiler/ConstructorTest.<init>()V @21: astore_1
  Reason:
    Current frame's flags are not assignable to stack map frame's.
  Current Frame:
    bci: @0
    flags: { flagThisUninit }
    locals: { uninitializedThis }
    stack: { 'java/lang/Throwable' }
  Stackmap Frame:
    bci: @21
    flags: { }
    locals: { top }
    stack: { 'java/lan
Event: 0.889 Thread 0x0000019dc8180800 Exception <a 'java/lang/NoSuchMethodError'{0x00000007113be4a8}: 'java.lang.Object java.lang.invoke.DirectMethodHandle$Holder.invokeStaticInit(java.lang.Object, int, int, int, int)'> (0x00000007113be4a8) 
thrown [./open/src/hotspot/share/interpreter/linkResolver.cpp, line 766]
Event: 0.918 Thread 0x0000019dc8180800 Exception <a 'java/lang/NoSuchMethodError'{0x000000071106e2c8}: 'java.lang.Object java.lang.invoke.DirectMethodHandle$Holder.invokeStaticInit(java.lang.Object, java.lang.Object, int, int, int, int)'> (0x000000071106e2c8) 
thrown [./open/src/hotspot/share/interpreter/linkResolver.cpp, line 766]
Event: 0.923 Thread 0x0000019dc8180800 Exception <a 'java/lang/NoSuchMethodError'{0x00000007110780b0}: 'java.lang.Object java.lang.invoke.Invokers$Holder.invoke_MT(java.lang.Object, java.lang.Object, java.lang.Object)'> (0x00000007110780b0) 
thrown [./open/src/hotspot/share/interpreter/linkResolver.cpp, line 766]
Event: 1.297 Thread 0x0000019da1f4f000 Exception <a 'java/lang/NoSuchMethodError'{0x00000007119c5ff0}: 'int java.lang.invoke.DirectMethodHandle$Holder.invokeStaticInit(java.lang.Object, java.lang.Object, java.lang.Object)'> (0x00000007119c5ff0) 
thrown [./open/src/hotspot/share/interpreter/linkResolver.cpp, line 766]
Event: 1.298 Thread 0x0000019da1f4f000 Exception <a 'java/lang/NoSuchMethodError'{0x00000007119d0a80}: 'void java.lang.invoke.DirectMethodHandle$Holder.invokeSpecial(java.lang.Object, java.lang.Object)'> (0x00000007119d0a80) 
thrown [./open/src/hotspot/share/interpreter/linkResolver.cpp, line 766]
Event: 1.314 Thread 0x0000019da1f4f000 Exception <a 'java/lang/NoSuchMethodError'{0x00000007118ec5c8}: 'java.lang.Object java.lang.invoke.DirectMethodHandle$Holder.invokeStatic(java.lang.Object, java.lang.Object, int, java.lang.Object)'> (0x00000007118ec5c8) 
thrown [./open/src/hotspot/share/interpreter/linkResolver.cpp, line 766]
Event: 1.314 Thread 0x0000019da1f4f000 Exception <a 'java/lang/NoSuchMethodError'{0x00000007118f2860}: 'java.lang.Object java.lang.invoke.Invokers$Holder.linkToTargetMethod(java.lang.Object, int, java.lang.Object, java.lang.Object)'> (0x00000007118f2860) 
thrown [./open/src/hotspot/share/interpreter/linkResolver.cpp, line 766]
Event: 1.358 Thread 0x0000019dc850f000 Exception <a 'java/lang/NoSuchMethodError'{0x0000000711516a98}: 'void java.lang.invoke.DirectMethodHandle$Holder.invokeStaticInit(java.lang.Object)'> (0x0000000711516a98) 
thrown [./open/src/hotspot/share/interpreter/linkResolver.cpp, line 766]
Event: 1.360 Thread 0x0000019da1f4f000 Exception <a 'java/lang/NoSuchMethodError'{0x00000007118fe888}: 'java.lang.Object java.lang.invoke.Invokers$Holder.linkToTargetMethod(java.lang.Object, java.lang.Object, java.lang.Object, java.lang.Object, java.lang.Object, java.lang.Object)'> (0x00000007118fe888) 
thrown [./open/src/hotspot/share/interpreter/linkResolver.cpp, line 766]
Event: 1.638 Thread 0x0000019dc94c2800 Exception <a 'java/lang/NoSuchMethodError'{0x0000000711b2f660}: 'void java.lang.invoke.DirectMethodHandle$Holder.invokeStatic(java.lang.Object, java.lang.Object, java.lang.Object, java.lang.Object)'> (0x0000000711b2f660) 
thrown [./open/src/hotspot/share/interpreter/linkResolver.cpp, line 766]
Event: 1.672 Thread 0x0000019dc850f000 Exception <a 'java/lang/NoSuchMethodError'{0x0000000711864548}: 'java.lang.Object java.lang.invoke.DirectMethodHandle$Holder.invokeStaticInit(java.lang.Object, java.lang.Object, java.lang.Object, java.lang.Object)'> (0x0000000711864548) 
thrown [./open/src/hotspot/share/interpreter/linkResolver.cpp, line 766]
Event: 1.673 Thread 0x0000019dc850f000 Exception <a 'java/lang/NullPointerException'{0x000000071186ea68}> (0x000000071186ea68) 
thrown [./open/src/hotspot/share/interpreter/linkResolver.cpp, line 1348]
Event: 1.677 Thread 0x0000019dc850f000 Exception <a 'java/lang/NoSuchMethodError'{0x00000007118afc30}: 'void java.lang.invoke.DirectMethodHandle$Holder.invokeSpecial(java.lang.Object, java.lang.Object, java.lang.Object, java.lang.Object, java.lang.Object)'> (0x00000007118afc30) 
thrown [./open/src/hotspot/share/interpreter/linkResolver.cpp, line 766]
Event: 1.704 Thread 0x0000019dc850f000 Exception <a 'java/lang/NoSuchMethodError'{0x00000007116571c0}: 'java.lang.Object java.lang.invoke.Invokers$Holder.linkToTargetMethod(java.lang.Object, int, java.lang.Object)'> (0x00000007116571c0) 
thrown [./open/src/hotspot/share/interpreter/linkResolver.cpp, line 766]
Event: 1.789 Thread 0x0000019dc850f000 Exception <a 'java/lang/NoSuchMethodError'{0x000000071102db88}: 'void java.lang.invoke.DirectMethodHandle$Holder.invokeStaticInit(java.lang.Object, java.lang.Object)'> (0x000000071102db88) 
thrown [./open/src/hotspot/share/interpreter/linkResolver.cpp, line 766]
Event: 1.825 Thread 0x0000019dc850f000 Implicit null exception at 0x0000019db3a1af45 to 0x0000019db3a1b39c
Event: 1.941 Thread 0x0000019dc850f000 Exception <a 'java/lang/NoSuchMethodError'{0x0000000710795a80}: 'java.lang.Object java.lang.invoke.DirectMethodHandle$Holder.invokeInterface(java.lang.Object, java.lang.Object, java.lang.Object)'> (0x0000000710795a80) 
thrown [./open/src/hotspot/share/interpreter/linkResolver.cpp, line 766]

Events (20 events):
Event: 1.940 loading class javafx/scene/control/skin/LabeledSkinBase
Event: 1.940 loading class javafx/scene/control/skin/LabeledSkinBase done
Event: 1.940 loading class javafx/beans/value/ObservableValue
Event: 1.940 loading class javafx/beans/value/ObservableValue done
Event: 1.940 loading class javafx/beans/value/ObservableValue
Event: 1.940 loading class javafx/beans/value/ObservableValue done
Event: 1.940 loading class org/netbeans/lib/profiler/wireprotocol/GetMethodNamesForJMethodIdsCommand
Event: 1.940 loading class org/netbeans/lib/profiler/wireprotocol/GetMethodNamesForJMethodIdsCommand done
Event: 1.940 loading class javafx/beans/value/ObservableValue
Event: 1.940 loading class javafx/beans/value/ObservableValue done
Event: 1.940 loading class javafx/beans/value/ObservableValue
Event: 1.940 loading class javafx/beans/value/ObservableValue done
Event: 1.941 loading class com/sun/javafx/scene/control/LambdaMultiplePropertyChangeListenerHandler
Event: 1.941 loading class com/sun/javafx/scene/control/LambdaMultiplePropertyChangeListenerHandler done
Event: 1.941 loading class javafx/beans/value/ObservableValue
Event: 1.941 loading class javafx/beans/value/ObservableValue done
Event: 1.941 loading class javafx/beans/value/ObservableValue
Event: 1.941 loading class javafx/beans/value/ObservableValue done
Event: 1.942 Executing VM operation: HandshakeOneThread
Event: 1.942 Executing VM operation: HandshakeOneThread done


Dynamic libraries:
0x00007ff6eac40000 - 0x00007ff6eac4f000 	C:\Program Files\Java\jdk-14.0.2\bin\java.exe
0x00007ffc940d0000 - 0x00007ffc942bd000 	C:\Windows\SYSTEM32\ntdll.dll
0x00007ffc93c10000 - 0x00007ffc93cc3000 	C:\Windows\System32\KERNEL32.DLL
0x00007ffc90ff0000 - 0x00007ffc91285000 	C:\Windows\System32\KERNELBASE.dll
0x00007ffc90cd0000 - 0x00007ffc90dca000 	C:\Windows\System32\ucrtbase.dll
0x00007ffc84430000 - 0x00007ffc84445000 	C:\Program Files\Java\jdk-14.0.2\bin\VCRUNTIME140.dll
0x00007ffc7bad0000 - 0x00007ffc7bae8000 	C:\Program Files\Java\jdk-14.0.2\bin\jli.dll
0x00007ffc93a50000 - 0x00007ffc93af3000 	C:\Windows\System32\ADVAPI32.dll
0x00007ffc92c70000 - 0x00007ffc92d0e000 	C:\Windows\System32\msvcrt.dll
0x00007ffc93060000 - 0x00007ffc930fe000 	C:\Windows\System32\sechost.dll
0x00007ffc93d30000 - 0x00007ffc93e52000 	C:\Windows\System32\RPCRT4.dll
0x00007ffc93100000 - 0x00007ffc93297000 	C:\Windows\System32\USER32.dll
0x00007ffc90b40000 - 0x00007ffc90b60000 	C:\Windows\System32\win32u.dll
0x00007ffc81310000 - 0x00007ffc81589000 	C:\Windows\WinSxS\amd64_microsoft.windows.common-controls_6595b64144ccf1df_6.0.17763.1518_none_de6e2bd0534e2567\COMCTL32.dll
0x00007ffc93b60000 - 0x00007ffc93b89000 	C:\Windows\System32\GDI32.dll
0x00007ffc90dd0000 - 0x00007ffc90f6c000 	C:\Windows\System32\gdi32full.dll
0x00007ffc932a0000 - 0x00007ffc935cd000 	C:\Windows\System32\combase.dll
0x00007ffc90c30000 - 0x00007ffc90cd0000 	C:\Windows\System32\msvcp_win.dll
0x00007ffc90360000 - 0x00007ffc903de000 	C:\Windows\System32\bcryptPrimitives.dll
0x00007ffc84ab0000 - 0x00007ffc84aba000 	C:\Windows\SYSTEM32\VERSION.dll
0x00007ffc93b30000 - 0x00007ffc93b5e000 	C:\Windows\System32\IMM32.DLL
0x00007ffc7bb80000 - 0x00007ffc7bc1b000 	C:\Program Files\Java\jdk-14.0.2\bin\msvcp140.dll
0x00007ffc64ed0000 - 0x00007ffc659ee000 	C:\Program Files\Java\jdk-14.0.2\bin\server\jvm.dll
0x00007ffc93ec0000 - 0x00007ffc93ec8000 	C:\Windows\System32\PSAPI.DLL
0x00007ffc870c0000 - 0x00007ffc870c9000 	C:\Windows\SYSTEM32\WSOCK32.dll
0x00007ffc8e2f0000 - 0x00007ffc8e314000 	C:\Windows\SYSTEM32\WINMM.dll
0x00007ffc93ed0000 - 0x00007ffc93f3d000 	C:\Windows\System32\WS2_32.dll
0x00007ffc8e2c0000 - 0x00007ffc8e2ed000 	C:\Windows\SYSTEM32\winmmbase.dll
0x00007ffc90f70000 - 0x00007ffc90fba000 	C:\Windows\System32\cfgmgr32.dll
0x00007ffc90160000 - 0x00007ffc90171000 	C:\Windows\System32\kernel.appcore.dll
0x00007ffc84750000 - 0x00007ffc8475a000 	C:\Program Files\Java\jdk-14.0.2\bin\jimage.dll
0x00007ffc83e00000 - 0x00007ffc83fed000 	C:\Windows\SYSTEM32\DBGHELP.DLL
0x00007ffc83da0000 - 0x00007ffc83dca000 	C:\Windows\SYSTEM32\dbgcore.DLL
0x00007ffc7fd30000 - 0x00007ffc7fd3f000 	C:\Program Files\NetBeans-12.0\netbeans\profiler\lib\deployed\jdk16\windows-amd64\profilerinterface.dll
0x00007ffc7d860000 - 0x00007ffc7d885000 	C:\Program Files\Java\jdk-14.0.2\bin\java.dll
0x00007ffc84410000 - 0x00007ffc84426000 	C:\Program Files\Java\jdk-14.0.2\bin\zip.dll
0x00007ffc91710000 - 0x00007ffc92c09000 	C:\Windows\System32\SHELL32.dll
0x00007ffc91420000 - 0x00007ffc914c8000 	C:\Windows\System32\shcore.dll
0x00007ffc903e0000 - 0x00007ffc90b32000 	C:\Windows\System32\windows.storage.dll
0x00007ffc90130000 - 0x00007ffc90154000 	C:\Windows\System32\profapi.dll
0x00007ffc900b0000 - 0x00007ffc9010d000 	C:\Windows\System32\powrprof.dll
0x00007ffc92c10000 - 0x00007ffc92c62000 	C:\Windows\System32\shlwapi.dll
0x00007ffc90c10000 - 0x00007ffc90c27000 	C:\Windows\System32\cryptsp.dll
0x00007ffc7fcc0000 - 0x00007ffc7fcd9000 	C:\Program Files\Java\jdk-14.0.2\bin\net.dll
0x00007ffc898c0000 - 0x00007ffc899b4000 	C:\Windows\SYSTEM32\WINHTTP.dll
0x00007ffc8f920000 - 0x00007ffc8f987000 	C:\Windows\system32\mswsock.dll
0x00007ffc7fb50000 - 0x00007ffc7fb62000 	C:\Program Files\Java\jdk-14.0.2\bin\nio.dll
0x00007ffc82060000 - 0x00007ffc82069000 	C:\Program Files\Java\jdk-14.0.2\bin\management.dll
0x00007ffc7e1d0000 - 0x00007ffc7e1db000 	C:\Program Files\Java\jdk-14.0.2\bin\management_ext.dll
0x00007ffc8f440000 - 0x00007ffc8f473000 	C:\Windows\system32\rsaenh.dll
0x00007ffc90fc0000 - 0x00007ffc90fe6000 	C:\Windows\System32\bcrypt.dll
0x00007ffc8ffb0000 - 0x00007ffc8ffd9000 	C:\Windows\SYSTEM32\USERENV.dll
0x00007ffc8faf0000 - 0x00007ffc8fafc000 	C:\Windows\SYSTEM32\CRYPTBASE.dll
0x00007ffc8f640000 - 0x00007ffc8f67d000 	C:\Windows\SYSTEM32\IPHLPAPI.DLL
0x00007ffc93b20000 - 0x00007ffc93b28000 	C:\Windows\System32\NSI.dll
0x00007ffc8c330000 - 0x00007ffc8c346000 	C:\Windows\SYSTEM32\dhcpcsvc6.DLL
0x00007ffc8c310000 - 0x00007ffc8c32c000 	C:\Windows\SYSTEM32\dhcpcsvc.DLL
0x00007ffc8f680000 - 0x00007ffc8f747000 	C:\Windows\SYSTEM32\DNSAPI.dll
0x0000019da1db0000 - 0x0000019da1db3000 	C:\Users\30024165\Documents\javafx-sdk\bin\api-ms-win-core-console-l1-1-0.dll
0x0000019da1dc0000 - 0x0000019da1dc3000 	C:\Users\30024165\Documents\javafx-sdk\bin\api-ms-win-core-console-l1-2-0.dll
0x0000019da1dd0000 - 0x0000019da1dd3000 	C:\Users\30024165\Documents\javafx-sdk\bin\api-ms-win-core-datetime-l1-1-0.dll
0x0000019da1de0000 - 0x0000019da1de3000 	C:\Users\30024165\Documents\javafx-sdk\bin\api-ms-win-core-debug-l1-1-0.dll
0x0000019da1df0000 - 0x0000019da1df3000 	C:\Users\30024165\Documents\javafx-sdk\bin\api-ms-win-core-errorhandling-l1-1-0.dll
0x0000019da1e00000 - 0x0000019da1e04000 	C:\Users\30024165\Documents\javafx-sdk\bin\api-ms-win-core-file-l1-1-0.dll
0x0000019da1e10000 - 0x0000019da1e13000 	C:\Users\30024165\Documents\javafx-sdk\bin\api-ms-win-core-file-l1-2-0.dll
0x0000019da2020000 - 0x0000019da2023000 	C:\Users\30024165\Documents\javafx-sdk\bin\api-ms-win-core-file-l2-1-0.dll
0x0000019da2030000 - 0x0000019da2033000 	C:\Users\30024165\Documents\javafx-sdk\bin\api-ms-win-core-handle-l1-1-0.dll
0x0000019dca310000 - 0x0000019dca313000 	C:\Users\30024165\Documents\javafx-sdk\bin\api-ms-win-core-heap-l1-1-0.dll
0x0000019dca320000 - 0x0000019dca323000 	C:\Users\30024165\Documents\javafx-sdk\bin\api-ms-win-core-interlocked-l1-1-0.dll
0x0000019dca330000 - 0x0000019dca333000 	C:\Users\30024165\Documents\javafx-sdk\bin\api-ms-win-core-libraryloader-l1-1-0.dll
0x0000019dca340000 - 0x0000019dca343000 	C:\Users\30024165\Documents\javafx-sdk\bin\api-ms-win-core-localization-l1-2-0.dll
0x0000019dca350000 - 0x0000019dca353000 	C:\Users\30024165\Documents\javafx-sdk\bin\api-ms-win-core-memory-l1-1-0.dll
0x0000019dca360000 - 0x0000019dca363000 	C:\Users\30024165\Documents\javafx-sdk\bin\api-ms-win-core-namedpipe-l1-1-0.dll
0x0000019dca370000 - 0x0000019dca373000 	C:\Users\30024165\Documents\javafx-sdk\bin\api-ms-win-core-processenvironment-l1-1-0.dll
0x0000019dca380000 - 0x0000019dca383000 	C:\Users\30024165\Documents\javafx-sdk\bin\api-ms-win-core-processthreads-l1-1-0.dll
0x0000019dca390000 - 0x0000019dca393000 	C:\Users\30024165\Documents\javafx-sdk\bin\api-ms-win-core-processthreads-l1-1-1.dll
0x0000019dca3a0000 - 0x0000019dca3a3000 	C:\Users\30024165\Documents\javafx-sdk\bin\api-ms-win-core-profile-l1-1-0.dll
0x0000019dca3b0000 - 0x0000019dca3b3000 	C:\Users\30024165\Documents\javafx-sdk\bin\api-ms-win-core-rtlsupport-l1-1-0.dll
0x0000019dca3c0000 - 0x0000019dca3c3000 	C:\Users\30024165\Documents\javafx-sdk\bin\api-ms-win-core-string-l1-1-0.dll
0x0000019dca3d0000 - 0x0000019dca3d3000 	C:\Users\30024165\Documents\javafx-sdk\bin\api-ms-win-core-synch-l1-1-0.dll
0x0000019dca3e0000 - 0x0000019dca3e3000 	C:\Users\30024165\Documents\javafx-sdk\bin\api-ms-win-core-synch-l1-2-0.dll
0x0000019dca3f0000 - 0x0000019dca3f3000 	C:\Users\30024165\Documents\javafx-sdk\bin\api-ms-win-core-sysinfo-l1-1-0.dll
0x0000019dca400000 - 0x0000019dca403000 	C:\Users\30024165\Documents\javafx-sdk\bin\api-ms-win-core-timezone-l1-1-0.dll
0x0000019dca410000 - 0x0000019dca413000 	C:\Users\30024165\Documents\javafx-sdk\bin\api-ms-win-core-util-l1-1-0.dll
0x0000019dca420000 - 0x0000019dca423000 	C:\Users\30024165\Documents\javafx-sdk\bin\api-ms-win-crt-conio-l1-1-0.dll
0x0000019dca430000 - 0x0000019dca434000 	C:\Users\30024165\Documents\javafx-sdk\bin\api-ms-win-crt-convert-l1-1-0.dll
0x0000019dca440000 - 0x0000019dca443000 	C:\Users\30024165\Documents\javafx-sdk\bin\api-ms-win-crt-environment-l1-1-0.dll
0x0000019dca450000 - 0x0000019dca453000 	C:\Users\30024165\Documents\javafx-sdk\bin\api-ms-win-crt-filesystem-l1-1-0.dll
0x0000019dca460000 - 0x0000019dca463000 	C:\Users\30024165\Documents\javafx-sdk\bin\api-ms-win-crt-heap-l1-1-0.dll
0x0000019dca470000 - 0x0000019dca473000 	C:\Users\30024165\Documents\javafx-sdk\bin\api-ms-win-crt-locale-l1-1-0.dll
0x0000019dca480000 - 0x0000019dca485000 	C:\Users\30024165\Documents\javafx-sdk\bin\api-ms-win-crt-math-l1-1-0.dll
0x0000019dca490000 - 0x0000019dca495000 	C:\Users\30024165\Documents\javafx-sdk\bin\api-ms-win-crt-multibyte-l1-1-0.dll
0x0000019dca4a0000 - 0x0000019dca4b0000 	C:\Users\30024165\Documents\javafx-sdk\bin\api-ms-win-crt-private-l1-1-0.dll
0x0000019dca4b0000 - 0x0000019dca4b3000 	C:\Users\30024165\Documents\javafx-sdk\bin\api-ms-win-crt-process-l1-1-0.dll
0x0000019dca4c0000 - 0x0000019dca4c4000 	C:\Users\30024165\Documents\javafx-sdk\bin\api-ms-win-crt-runtime-l1-1-0.dll
0x0000019dca4d0000 - 0x0000019dca4d4000 	C:\Users\30024165\Documents\javafx-sdk\bin\api-ms-win-crt-stdio-l1-1-0.dll
0x0000019dca4e0000 - 0x0000019dca4e4000 	C:\Users\30024165\Documents\javafx-sdk\bin\api-ms-win-crt-string-l1-1-0.dll
0x0000019dca4f0000 - 0x0000019dca4f3000 	C:\Users\30024165\Documents\javafx-sdk\bin\api-ms-win-crt-time-l1-1-0.dll
0x0000019dca500000 - 0x0000019dca503000 	C:\Users\30024165\Documents\javafx-sdk\bin\api-ms-win-crt-utility-l1-1-0.dll
0x00007ffc31120000 - 0x00007ffc3121c000 	C:\Users\30024165\Documents\javafx-sdk\bin\ucrtbase.dll
0x00007ffc75ee0000 - 0x00007ffc75ef5000 	C:\Users\30024165\Documents\javafx-sdk\bin\vcruntime140.dll
0x00007ffc31970000 - 0x00007ffc31a0b000 	C:\Users\30024165\Documents\javafx-sdk\bin\msvcp140.dll
0x00007ffc6a000000 - 0x00007ffc6a023000 	C:\Users\30024165\Documents\javafx-sdk\bin\prism_d3d.dll
0x00007ffc30d10000 - 0x00007ffc30eae000 	C:\Windows\system32\d3d9.dll
0x00007ffc8eaa0000 - 0x00007ffc8eace000 	C:\Windows\SYSTEM32\dwmapi.dll
0x00007ffc90180000 - 0x00007ffc9035c000 	C:\Windows\System32\CRYPT32.dll
0x00007ffc90110000 - 0x00007ffc90122000 	C:\Windows\System32\MSASN1.dll
0x00007ffc8e680000 - 0x00007ffc8e71c000 	C:\Windows\system32\uxtheme.dll
0x00007ffc30b30000 - 0x00007ffc30d02000 	C:\Windows\System32\DriverStore\FileRepository\igdlh64.inf_amd64_f180120f9cc03024\igdumdim64.dll
0x00007ffc2dc70000 - 0x00007ffc30b2a000 	C:\Windows\System32\DriverStore\FileRepository\igdlh64.inf_amd64_f180120f9cc03024\igd9dxva64.dll
0x00007ffc93f40000 - 0x00007ffc94096000 	C:\Windows\System32\ole32.dll
0x00007ffc914d0000 - 0x00007ffc91594000 	C:\Windows\System32\OLEAUT32.dll
0x00007ffc64c80000 - 0x00007ffc64cc5000 	C:\Users\30024165\Documents\javafx-sdk\bin\glass.dll
0x00007ffc912f0000 - 0x00007ffc91417000 	C:\Windows\System32\COMDLG32.dll
0x00007ffc915a0000 - 0x00007ffc9170b000 	C:\Windows\System32\MSCTF.dll
0x00007ffc87670000 - 0x00007ffc88d47000 	C:\Windows\System32\DriverStore\FileRepository\igdlh64.inf_amd64_f180120f9cc03024\igc64.dll
0x00007ffc82340000 - 0x00007ffc82350000 	C:\Program Files\Java\jdk-14.0.2\bin\verify.dll
0x00007ffc87590000 - 0x00007ffc8759a000 	C:\Windows\System32\rasadhlp.dll
0x00007ffc8c400000 - 0x00007ffc8c479000 	C:\Windows\System32\fwpuclnt.dll
0x00007ffc70330000 - 0x00007ffc70344000 	C:\Users\30024165\Documents\javafx-sdk\bin\javafx_font.dll
0x00007ffc80ef0000 - 0x00007ffc811ec000 	C:\Windows\SYSTEM32\dwrite.dll
0x00007ffc92d10000 - 0x00007ffc92db2000 	C:\Windows\System32\clbcatq.dll
0x00007ffc8b5b0000 - 0x00007ffc8b768000 	C:\Windows\SYSTEM32\WindowsCodecs.dll
0x00007ffc7de70000 - 0x00007ffc7dec6000 	C:\Windows\system32\dataexchange.dll
0x00007ffc8d100000 - 0x00007ffc8d37e000 	C:\Windows\system32\d3d11.dll
0x00007ffc8d940000 - 0x00007ffc8db04000 	C:\Windows\system32\dcomp.dll
0x00007ffc8ee00000 - 0x00007ffc8eec2000 	C:\Windows\system32\dxgi.dll
0x00007ffc8e750000 - 0x00007ffc8e964000 	C:\Windows\system32\twinapi.appcore.dll

dbghelp: loaded successfully - version: 4.0.5 - missing functions: none
symbol engine: initialized successfully - sym options: 0x614 - pdb path: .;C:\Program Files\Java\jdk-14.0.2\bin;C:\Windows\SYSTEM32;C:\Windows\WinSxS\amd64_microsoft.windows.common-controls_6595b64144ccf1df_6.0.17763.1518_none_de6e2bd0534e2567;C:\Program Files\Java\jdk-14.0.2\bin\server;C:\Program Files\NetBeans-12.0\netbeans\profiler\lib\deployed\jdk16\windows-amd64;C:\Users\30024165\Documents\javafx-sdk\bin;C:\Windows\System32\DriverStore\FileRepository\igdlh64.inf_amd64_f180120f9cc03024;C:\Program Files\Common Files\Microsoft Shared\Ink

VM Arguments:
jvm_args: -Dfile.encoding=UTF-8 --add-modules=javafx.controls,javafx.fxml -agentpath:C:/Program Files/NetBeans-12.0/netbeans/profiler/lib/deployed/jdk16/windows-amd64/profilerinterface.dll=C:\Program Files\NetBeans-12.0\netbeans\profiler\lib,5140,10 -XX:+HeapDumpOnOutOfMemoryError -XX:HeapDumpPath=C:\Users\30024165\Documents\NetBeansProjects\Java2\AT2Act3GUIDatabase\nbproject\private\profiler --module-path=C:\Users\30024165\Documents\javafx-sdk\lib\javafx-swt.jar;C:\Users\30024165\Documents\javafx-sdk\lib\javafx.base.jar;C:\Users\30024165\Documents\javafx-sdk\lib\javafx.controls.jar;C:\Users\30024165\Documents\javafx-sdk\lib\javafx.fxml.jar;C:\Users\30024165\Documents\javafx-sdk\lib\javafx.graphics.jar;C:\Users\30024165\Documents\javafx-sdk\lib\javafx.media.jar;C:\Users\30024165\Documents\javafx-sdk\lib\javafx.swing.jar;C:\Users\30024165\Documents\javafx-sdk\lib\javafx.web.jar 
java_command: at2act3guidatabase.IDNameDatabase
java_class_path (initial): C:\Users\30024165\Documents\javafx-sdk\lib\javafx-swt.jar;C:\Users\30024165\Documents\javafx-sdk\lib\javafx.base.jar;C:\Users\30024165\Documents\javafx-sdk\lib\javafx.controls.jar;C:\Users\30024165\Documents\javafx-sdk\lib\javafx.fxml.jar;C:\Users\30024165\Documents\javafx-sdk\lib\javafx.graphics.jar;C:\Users\30024165\Documents\javafx-sdk\lib\javafx.media.jar;C:\Users\30024165\Documents\javafx-sdk\lib\javafx.swing.jar;C:\Users\30024165\Documents\javafx-sdk\lib\javafx.web.jar;C:\Users\30024165\Documents\mysql-connector-java.jar;C:\Users\30024165\Documents\NetBeansProjects\Java2\AT2Act3GUIDatabase\build\classes
Launcher Type: SUN_STANDARD

[Global flags]
     intx CICompilerCount                          = 3                                         {product} {ergonomic}
     uint ConcGCThreads                            = 1                                         {product} {ergonomic}
     uint G1ConcRefinementThreads                  = 4                                         {product} {ergonomic}
   size_t G1HeapRegionSize                         = 1048576                                   {product} {ergonomic}
    uintx GCDrainStackTargetSize                   = 64                                        {product} {ergonomic}
     bool HeapDumpOnOutOfMemoryError               = true                                   {manageable} {command line}
    ccstr HeapDumpPath                             = C:\Users\30024165\Documents\NetBeansProjects\Java2\AT2Act3GUIDatabase\nbproject\private\profiler         {manageable} {command line}
   size_t InitialHeapSize                          = 268435456                                 {product} {ergonomic}
   size_t MarkStackSize                            = 4194304                                   {product} {ergonomic}
   size_t MaxHeapSize                              = 4265607168                                {product} {ergonomic}
   size_t MaxNewSize                               = 2558525440                                {product} {ergonomic}
   size_t MinHeapDeltaBytes                        = 1048576                                   {product} {ergonomic}
   size_t MinHeapSize                              = 8388608                                   {product} {ergonomic}
    uintx NonNMethodCodeHeapSize                   = 5832780                                {pd product} {ergonomic}
    uintx NonProfiledCodeHeapSize                  = 122912730                              {pd product} {ergonomic}
    uintx ProfiledCodeHeapSize                     = 122912730                              {pd product} {ergonomic}
    uintx ReservedCodeCacheSize                    = 251658240                              {pd product} {ergonomic}
     bool SegmentedCodeCache                       = true                                      {product} {ergonomic}
   size_t SoftMaxHeapSize                          = 4265607168                             {manageable} {ergonomic}
     bool UseCompressedClassPointers               = true                                 {lp64_product} {ergonomic}
     bool UseCompressedOops                        = true                                 {lp64_product} {ergonomic}
     bool UseG1GC                                  = true                                      {product} {ergonomic}
     bool UseLargePagesIndividualAllocation        = false                                  {pd product} {ergonomic}

Logging:
Log output configuration:
 #0: stdout all=warning uptime,level,tags
 #1: stderr all=off uptime,level,tags

Environment Variables:
JAVA_HOME=C:\Program Files\Java\jdk-14.0.2
CLASSPATH=.;C:\Users\30024165\Documents\mysql-connector-java.jar
PATH=C:\Program Files\Python37\Scripts\;C:\Program Files\Python37\;C:\Windows\system32;C:\Windows;C:\Windows\System32\Wbem;C:\Windows\System32\WindowsPowerShell\v1.0\;C:\Windows\System32\OpenSSH\;C:\Program Files\PuTTY\;C:\Users\30024165\AppData\Local\Microsoft\WindowsApps;C:\Program Files (x86)\Nmap;C:\Program Files\Java\jdk-14.0.2\bin;;C:\Users\30024165\AppData\Local\Programs\Microsoft VS Code\bin
USERNAME=30024165
OS=Windows_NT
PROCESSOR_IDENTIFIER=Intel64 Family 6 Model 94 Stepping 3, GenuineIntel



---------------  S Y S T E M  ---------------

OS: Windows 10 , 64 bit Build 17763 (10.0.17763.475)
OS uptime: 1 days 8:51 hours

CPU:total 4 (initial active 4) (4 cores per cpu, 1 threads per core) family 6 model 94 stepping 3, cmov, cx8, fxsr, mmx, sse, sse2, sse3, ssse3, sse4.1, sse4.2, popcnt, avx, avx2, aes, clmul, erms, rtm, 3dnowpref, lzcnt, tsc, tscinvbit, bmi1, bmi2, adx, fma

Memory: 4k page, system-wide physical 16270M (8780M free)
TotalPageFile size 18702M (AvailPageFile size 8997M)
current process WorkingSet (physical memory assigned to process): 127M, peak: 127M
current process commit charge ("private bytes"): 401M, peak: 404M

vm_info: Java HotSpot(TM) 64-Bit Server VM (14.0.2+12-46) for windows-amd64 JRE (14.0.2+12-46), built on Jul  9 2020 00:35:52 by "mach5one" with MS VC++ 15.9 (VS2017)

END.
